[ 2017-06-20T15:41:24+08:00 ] /mb_oa/index.php | DEBUG: Tag[ app_begin ] --START--
[ 2017-06-20T15:41:24+08:00 ] /mb_oa/index.php | DEBUG: Run CheckTemplate Behavior [ RunTime:0.000412s ]
[ 2017-06-20T15:41:24+08:00 ] /mb_oa/index.php | DEBUG: Tag[ app_begin ] --END-- [ RunTime:0.000515s ]
[ 2017-06-20T16:00:55+08:00 ] /mb_oa/index.php?m=Index&a=index | DEBUG: Tag[ app_begin ] --START--
[ 2017-06-20T16:00:55+08:00 ] /mb_oa/index.php?m=Index&a=index | DEBUG: Run CheckTemplate Behavior [ RunTime:0.000373s ]
[ 2017-06-20T16:00:55+08:00 ] /mb_oa/index.php?m=Index&a=index | DEBUG: Tag[ app_begin ] --END-- [ RunTime:0.000471s ]
[ 2017-06-20T16:03:24+08:00 ] /mb_oa/index.php?m=Index&a=xiaobei | DEBUG: Tag[ app_begin ] --START--
[ 2017-06-20T16:03:24+08:00 ] /mb_oa/index.php?m=Index&a=xiaobei | DEBUG: Run CheckTemplate Behavior [ RunTime:0.000154s ]
[ 2017-06-20T16:03:24+08:00 ] /mb_oa/index.php?m=Index&a=xiaobei | DEBUG: Tag[ app_begin ] --END-- [ RunTime:0.000244s ]
[ 2017-06-20T16:07:23+08:00 ] /mb_oa/index.php?m=Index&a=xiaobei | DEBUG: Tag[ app_begin ] --START--
[ 2017-06-20T16:07:23+08:00 ] /mb_oa/index.php?m=Index&a=xiaobei | DEBUG: Run CheckTemplate Behavior [ RunTime:0.000601s ]
[ 2017-06-20T16:07:23+08:00 ] /mb_oa/index.php?m=Index&a=xiaobei | DEBUG: Tag[ app_begin ] --END-- [ RunTime:0.000718s ]
[ 2017-06-20T16:08:06+08:00 ] /mb_oa/index.php/m/Index/a/xiaobei | ERR: (ThinkException) 无法加载模块m
[ 2017-06-20T16:08:31+08:00 ] /mb_oa/index.php/Index/xiaobei | DEBUG: Tag[ route_check ] --START--
[ 2017-06-20T16:08:31+08:00 ] /mb_oa/index.php/Index/xiaobei | DEBUG: Run CheckRoute Behavior [ RunTime:0.000282s ]
[ 2017-06-20T16:08:31+08:00 ] /mb_oa/index.php/Index/xiaobei | DEBUG: Tag[ route_check ] --END-- [ RunTime:0.000363s ]
[ 2017-06-20T16:08:31+08:00 ] /mb_oa/index.php/Index/xiaobei | NOTIC: [2] preg_replace(): The /e modifier is no longer supported, use preg_replace_callback instead Dispatcher.class.php 第 111 行.
[ 2017-06-20T16:08:31+08:00 ] /mb_oa/index.php/Index/xiaobei | DEBUG: Tag[ app_begin ] --START--
[ 2017-06-20T16:08:31+08:00 ] /mb_oa/index.php/Index/xiaobei | DEBUG: Run CheckTemplate Behavior [ RunTime:0.000130s ]
[ 2017-06-20T16:08:31+08:00 ] /mb_oa/index.php/Index/xiaobei | DEBUG: Tag[ app_begin ] --END-- [ RunTime:0.000143s ]
[ 2017-06-20T16:16:46+08:00 ] /mb_oa/index.php/Index/index | DEBUG: Tag[ route_check ] --START--
[ 2017-06-20T16:16:46+08:00 ] /mb_oa/index.php/Index/index | DEBUG: Run CheckRoute Behavior [ RunTime:0.000564s ]
[ 2017-06-20T16:16:46+08:00 ] /mb_oa/index.php/Index/index | DEBUG: Tag[ route_check ] --END-- [ RunTime:0.000608s ]
[ 2017-06-20T16:16:46+08:00 ] /mb_oa/index.php/Index/index | NOTIC: [2] preg_replace(): The /e modifier is no longer supported, use preg_replace_callback instead Dispatcher.class.php 第 111 行.
[ 2017-06-20T16:16:46+08:00 ] /mb_oa/index.php/Index/index | DEBUG: Tag[ app_begin ] --START--
[ 2017-06-20T16:16:46+08:00 ] /mb_oa/index.php/Index/index | DEBUG: Run CheckTemplate Behavior [ RunTime:0.000354s ]
[ 2017-06-20T16:16:46+08:00 ] /mb_oa/index.php/Index/index | DEBUG: Tag[ app_begin ] --END-- [ RunTime:0.000376s ]
[ 2017-06-20T16:18:37+08:00 ] /mb_oa/index.php/Index/xiaobei | DEBUG: Tag[ route_check ] --START--
[ 2017-06-20T16:18:37+08:00 ] /mb_oa/index.php/Index/xiaobei | DEBUG: Run CheckRoute Behavior [ RunTime:0.000533s ]
[ 2017-06-20T16:18:37+08:00 ] /mb_oa/index.php/Index/xiaobei | DEBUG: Tag[ route_check ] --END-- [ RunTime:0.000595s ]
[ 2017-06-20T16:18:37+08:00 ] /mb_oa/index.php/Index/xiaobei | NOTIC: [2] preg_replace(): The /e modifier is no longer supported, use preg_replace_callback instead Dispatcher.class.php 第 111 行.
[ 2017-06-20T16:18:37+08:00 ] /mb_oa/index.php/Index/xiaobei | DEBUG: Tag[ app_begin ] --START--
[ 2017-06-20T16:18:37+08:00 ] /mb_oa/index.php/Index/xiaobei | DEBUG: Run CheckTemplate Behavior [ RunTime:0.000232s ]
[ 2017-06-20T16:18:37+08:00 ] /mb_oa/index.php/Index/xiaobei | DEBUG: Tag[ app_begin ] --END-- [ RunTime:0.000261s ]
[ 2017-06-20T16:18:37+08:00 ] /mb_oa/index.php/Index/xiaobei | NOTIC: [8] Undefined index: m IndexAction.class.php 第 10 行.
[ 2017-06-20T16:18:37+08:00 ] /mb_oa/index.php/Index/xiaobei | NOTIC: [8] Undefined index: a IndexAction.class.php 第 11 行.
[ 2017-06-20T16:18:38+08:00 ] /mb_oa/index.php/Index/xiaobei | DEBUG: Tag[ route_check ] --START--
[ 2017-06-20T16:18:38+08:00 ] /mb_oa/index.php/Index/xiaobei | DEBUG: Run CheckRoute Behavior [ RunTime:0.000470s ]
[ 2017-06-20T16:18:38+08:00 ] /mb_oa/index.php/Index/xiaobei | DEBUG: Tag[ route_check ] --END-- [ RunTime:0.000511s ]
[ 2017-06-20T16:18:38+08:00 ] /mb_oa/index.php/Index/xiaobei | NOTIC: [2] preg_replace(): The /e modifier is no longer supported, use preg_replace_callback instead Dispatcher.class.php 第 111 行.
[ 2017-06-20T16:18:38+08:00 ] /mb_oa/index.php/Index/xiaobei | DEBUG: Tag[ app_begin ] --START--
[ 2017-06-20T16:18:38+08:00 ] /mb_oa/index.php/Index/xiaobei | DEBUG: Run CheckTemplate Behavior [ RunTime:0.000155s ]
[ 2017-06-20T16:18:38+08:00 ] /mb_oa/index.php/Index/xiaobei | DEBUG: Tag[ app_begin ] --END-- [ RunTime:0.000171s ]
[ 2017-06-20T16:18:38+08:00 ] /mb_oa/index.php/Index/xiaobei | NOTIC: [8] Undefined index: m IndexAction.class.php 第 10 行.
[ 2017-06-20T16:18:38+08:00 ] /mb_oa/index.php/Index/xiaobei | NOTIC: [8] Undefined index: a IndexAction.class.php 第 11 行.
[ 2017-06-20T16:19:03+08:00 ] /mb_oa/index.php/Index/xiaobei | DEBUG: Tag[ route_check ] --START--
[ 2017-06-20T16:19:03+08:00 ] /mb_oa/index.php/Index/xiaobei | DEBUG: Run CheckRoute Behavior [ RunTime:0.000280s ]
[ 2017-06-20T16:19:03+08:00 ] /mb_oa/index.php/Index/xiaobei | DEBUG: Tag[ route_check ] --END-- [ RunTime:0.000306s ]
[ 2017-06-20T16:19:03+08:00 ] /mb_oa/index.php/Index/xiaobei | NOTIC: [2] preg_replace(): The /e modifier is no longer supported, use preg_replace_callback instead Dispatcher.class.php 第 111 行.
[ 2017-06-20T16:19:03+08:00 ] /mb_oa/index.php/Index/xiaobei | DEBUG: Tag[ app_begin ] --START--
[ 2017-06-20T16:19:03+08:00 ] /mb_oa/index.php/Index/xiaobei | DEBUG: Run CheckTemplate Behavior [ RunTime:0.000138s ]
[ 2017-06-20T16:19:03+08:00 ] /mb_oa/index.php/Index/xiaobei | DEBUG: Tag[ app_begin ] --END-- [ RunTime:0.000152s ]
[ 2017-06-20T16:19:03+08:00 ] /mb_oa/index.php/Index/xiaobei | NOTIC: [8] Undefined index: moudle IndexAction.class.php 第 10 行.
[ 2017-06-20T16:19:03+08:00 ] /mb_oa/index.php/Index/xiaobei | NOTIC: [8] Undefined index: action IndexAction.class.php 第 11 行.
[ 2017-06-20T16:19:16+08:00 ] /mb_oa/index.php/Index/xiaobei/model/hehe | DEBUG: Tag[ route_check ] --START--
[ 2017-06-20T16:19:16+08:00 ] /mb_oa/index.php/Index/xiaobei/model/hehe | DEBUG: Run CheckRoute Behavior [ RunTime:0.000258s ]
[ 2017-06-20T16:19:16+08:00 ] /mb_oa/index.php/Index/xiaobei/model/hehe | DEBUG: Tag[ route_check ] --END-- [ RunTime:0.000283s ]
[ 2017-06-20T16:19:16+08:00 ] /mb_oa/index.php/Index/xiaobei/model/hehe | NOTIC: [2] preg_replace(): The /e modifier is no longer supported, use preg_replace_callback instead Dispatcher.class.php 第 111 行.
[ 2017-06-20T16:19:16+08:00 ] /mb_oa/index.php/Index/xiaobei/model/hehe | DEBUG: Tag[ app_begin ] --START--
[ 2017-06-20T16:19:16+08:00 ] /mb_oa/index.php/Index/xiaobei/model/hehe | DEBUG: Run CheckTemplate Behavior [ RunTime:0.000132s ]
[ 2017-06-20T16:19:16+08:00 ] /mb_oa/index.php/Index/xiaobei/model/hehe | DEBUG: Tag[ app_begin ] --END-- [ RunTime:0.000145s ]
[ 2017-06-20T16:19:16+08:00 ] /mb_oa/index.php/Index/xiaobei/model/hehe | NOTIC: [8] Undefined index: moudle IndexAction.class.php 第 10 行.
[ 2017-06-20T16:19:16+08:00 ] /mb_oa/index.php/Index/xiaobei/model/hehe | NOTIC: [8] Undefined index: action IndexAction.class.php 第 11 行.
[ 2017-06-20T16:19:29+08:00 ] /mb_oa/index.php/Index/xiaobei/modle/hehe | DEBUG: Tag[ route_check ] --START--
[ 2017-06-20T16:19:29+08:00 ] /mb_oa/index.php/Index/xiaobei/modle/hehe | DEBUG: Run CheckRoute Behavior [ RunTime:0.000265s ]
[ 2017-06-20T16:19:29+08:00 ] /mb_oa/index.php/Index/xiaobei/modle/hehe | DEBUG: Tag[ route_check ] --END-- [ RunTime:0.000296s ]
[ 2017-06-20T16:19:29+08:00 ] /mb_oa/index.php/Index/xiaobei/modle/hehe | NOTIC: [2] preg_replace(): The /e modifier is no longer supported, use preg_replace_callback instead Dispatcher.class.php 第 111 行.
[ 2017-06-20T16:19:29+08:00 ] /mb_oa/index.php/Index/xiaobei/modle/hehe | DEBUG: Tag[ app_begin ] --START--
[ 2017-06-20T16:19:29+08:00 ] /mb_oa/index.php/Index/xiaobei/modle/hehe | DEBUG: Run CheckTemplate Behavior [ RunTime:0.000123s ]
[ 2017-06-20T16:19:29+08:00 ] /mb_oa/index.php/Index/xiaobei/modle/hehe | DEBUG: Tag[ app_begin ] --END-- [ RunTime:0.000136s ]
[ 2017-06-20T16:19:29+08:00 ] /mb_oa/index.php/Index/xiaobei/modle/hehe | NOTIC: [8] Undefined index: moudle IndexAction.class.php 第 10 行.
[ 2017-06-20T16:19:29+08:00 ] /mb_oa/index.php/Index/xiaobei/modle/hehe | NOTIC: [8] Undefined index: action IndexAction.class.php 第 11 行.
[ 2017-06-20T16:20:25+08:00 ] /mb_oa/index.php/Index/xiaobei/modle/hehe.html | DEBUG: Tag[ route_check ] --START--
[ 2017-06-20T16:20:25+08:00 ] /mb_oa/index.php/Index/xiaobei/modle/hehe.html | DEBUG: Run CheckRoute Behavior [ RunTime:0.000433s ]
[ 2017-06-20T16:20:25+08:00 ] /mb_oa/index.php/Index/xiaobei/modle/hehe.html | DEBUG: Tag[ route_check ] --END-- [ RunTime:0.000460s ]
[ 2017-06-20T16:20:25+08:00 ] /mb_oa/index.php/Index/xiaobei/modle/hehe.html | NOTIC: [2] preg_replace(): The /e modifier is no longer supported, use preg_replace_callback instead Dispatcher.class.php 第 111 行.
[ 2017-06-20T16:20:25+08:00 ] /mb_oa/index.php/Index/xiaobei/modle/hehe.html | DEBUG: Tag[ app_begin ] --START--
[ 2017-06-20T16:20:25+08:00 ] /mb_oa/index.php/Index/xiaobei/modle/hehe.html | DEBUG: Run CheckTemplate Behavior [ RunTime:0.000288s ]
[ 2017-06-20T16:20:25+08:00 ] /mb_oa/index.php/Index/xiaobei/modle/hehe.html | DEBUG: Tag[ app_begin ] --END-- [ RunTime:0.000302s ]
[ 2017-06-20T16:20:25+08:00 ] /mb_oa/index.php/Index/xiaobei/modle/hehe.html | NOTIC: [8] Undefined index: moudle IndexAction.class.php 第 10 行.
[ 2017-06-20T16:20:25+08:00 ] /mb_oa/index.php/Index/xiaobei/modle/hehe.html | NOTIC: [8] Undefined index: action IndexAction.class.php 第 11 行.
[ 2017-06-20T16:20:57+08:00 ] /mb_oa/index.php/Index/xiaobei/modle/hehe.html | DEBUG: Tag[ route_check ] --START--
[ 2017-06-20T16:20:57+08:00 ] /mb_oa/index.php/Index/xiaobei/modle/hehe.html | DEBUG: Run CheckRoute Behavior [ RunTime:0.000506s ]
[ 2017-06-20T16:20:57+08:00 ] /mb_oa/index.php/Index/xiaobei/modle/hehe.html | DEBUG: Tag[ route_check ] --END-- [ RunTime:0.000537s ]
[ 2017-06-20T16:20:57+08:00 ] /mb_oa/index.php/Index/xiaobei/modle/hehe.html | NOTIC: [2] preg_replace(): The /e modifier is no longer supported, use preg_replace_callback instead Dispatcher.class.php 第 111 行.
[ 2017-06-20T16:20:57+08:00 ] /mb_oa/index.php/Index/xiaobei/modle/hehe.html | DEBUG: Tag[ app_begin ] --START--
[ 2017-06-20T16:20:57+08:00 ] /mb_oa/index.php/Index/xiaobei/modle/hehe.html | DEBUG: Run CheckTemplate Behavior [ RunTime:0.000330s ]
[ 2017-06-20T16:20:57+08:00 ] /mb_oa/index.php/Index/xiaobei/modle/hehe.html | DEBUG: Tag[ app_begin ] --END-- [ RunTime:0.000345s ]
[ 2017-06-20T16:20:57+08:00 ] /mb_oa/index.php/Index/xiaobei/modle/hehe.html | NOTIC: [8] Undefined variable: __GET IndexAction.class.php 第 10 行.
[ 2017-06-20T16:20:57+08:00 ] /mb_oa/index.php/Index/xiaobei/modle/hehe.html | NOTIC: [8] Undefined variable: __GET IndexAction.class.php 第 11 行.
[ 2017-06-20T16:21:03+08:00 ] /mb_oa/index.php/Index/xiaobei | DEBUG: Tag[ route_check ] --START--
[ 2017-06-20T16:21:03+08:00 ] /mb_oa/index.php/Index/xiaobei | DEBUG: Run CheckRoute Behavior [ RunTime:0.000253s ]
[ 2017-06-20T16:21:03+08:00 ] /mb_oa/index.php/Index/xiaobei | DEBUG: Tag[ route_check ] --END-- [ RunTime:0.000278s ]
[ 2017-06-20T16:21:03+08:00 ] /mb_oa/index.php/Index/xiaobei | NOTIC: [2] preg_replace(): The /e modifier is no longer supported, use preg_replace_callback instead Dispatcher.class.php 第 111 行.
[ 2017-06-20T16:21:03+08:00 ] /mb_oa/index.php/Index/xiaobei | DEBUG: Tag[ app_begin ] --START--
[ 2017-06-20T16:21:03+08:00 ] /mb_oa/index.php/Index/xiaobei | DEBUG: Run CheckTemplate Behavior [ RunTime:0.000121s ]
[ 2017-06-20T16:21:03+08:00 ] /mb_oa/index.php/Index/xiaobei | DEBUG: Tag[ app_begin ] --END-- [ RunTime:0.000133s ]
[ 2017-06-20T16:21:03+08:00 ] /mb_oa/index.php/Index/xiaobei | NOTIC: [8] Undefined variable: __GET IndexAction.class.php 第 10 行.
[ 2017-06-20T16:21:03+08:00 ] /mb_oa/index.php/Index/xiaobei | NOTIC: [8] Undefined variable: __GET IndexAction.class.php 第 11 行.
[ 2017-06-20T16:21:03+08:00 ] /mb_oa/index.php/Index/xiaobei | DEBUG: Tag[ route_check ] --START--
[ 2017-06-20T16:21:03+08:00 ] /mb_oa/index.php/Index/xiaobei | DEBUG: Run CheckRoute Behavior [ RunTime:0.000290s ]
[ 2017-06-20T16:21:03+08:00 ] /mb_oa/index.php/Index/xiaobei | DEBUG: Tag[ route_check ] --END-- [ RunTime:0.000319s ]
[ 2017-06-20T16:21:03+08:00 ] /mb_oa/index.php/Index/xiaobei | NOTIC: [2] preg_replace(): The /e modifier is no longer supported, use preg_replace_callback instead Dispatcher.class.php 第 111 行.
[ 2017-06-20T16:21:03+08:00 ] /mb_oa/index.php/Index/xiaobei | DEBUG: Tag[ app_begin ] --START--
[ 2017-06-20T16:21:03+08:00 ] /mb_oa/index.php/Index/xiaobei | DEBUG: Run CheckTemplate Behavior [ RunTime:0.000137s ]
[ 2017-06-20T16:21:03+08:00 ] /mb_oa/index.php/Index/xiaobei | DEBUG: Tag[ app_begin ] --END-- [ RunTime:0.000151s ]
[ 2017-06-20T16:21:03+08:00 ] /mb_oa/index.php/Index/xiaobei | NOTIC: [8] Undefined variable: __GET IndexAction.class.php 第 10 行.
[ 2017-06-20T16:21:03+08:00 ] /mb_oa/index.php/Index/xiaobei | NOTIC: [8] Undefined variable: __GET IndexAction.class.php 第 11 行.
[ 2017-06-20T16:28:17+08:00 ] /mb_oa/index.php/Index/xiaobei | DEBUG: Tag[ route_check ] --START--
[ 2017-06-20T16:28:17+08:00 ] /mb_oa/index.php/Index/xiaobei | DEBUG: Run CheckRoute Behavior [ RunTime:0.000495s ]
[ 2017-06-20T16:28:17+08:00 ] /mb_oa/index.php/Index/xiaobei | DEBUG: Tag[ route_check ] --END-- [ RunTime:0.000531s ]
[ 2017-06-20T16:28:17+08:00 ] /mb_oa/index.php/Index/xiaobei | NOTIC: [2] preg_replace(): The /e modifier is no longer supported, use preg_replace_callback instead Dispatcher.class.php 第 111 行.
[ 2017-06-20T16:28:17+08:00 ] /mb_oa/index.php/Index/xiaobei | DEBUG: Tag[ app_begin ] --START--
[ 2017-06-20T16:28:17+08:00 ] /mb_oa/index.php/Index/xiaobei | DEBUG: Run CheckTemplate Behavior [ RunTime:0.000303s ]
[ 2017-06-20T16:28:17+08:00 ] /mb_oa/index.php/Index/xiaobei | DEBUG: Tag[ app_begin ] --END-- [ RunTime:0.000322s ]
[ 2017-06-20T16:28:27+08:00 ] /mb_oa/index.php?m=Index&a=xiaobei | DEBUG: Tag[ app_begin ] --START--
[ 2017-06-20T16:28:27+08:00 ] /mb_oa/index.php?m=Index&a=xiaobei | DEBUG: Run CheckTemplate Behavior [ RunTime:0.000143s ]
[ 2017-06-20T16:28:27+08:00 ] /mb_oa/index.php?m=Index&a=xiaobei | DEBUG: Tag[ app_begin ] --END-- [ RunTime:0.000174s ]
[ 2017-06-20T16:28:27+08:00 ] /mb_oa/index.php?m=Index&a=xiaobei | DEBUG: Tag[ app_begin ] --START--
[ 2017-06-20T16:28:27+08:00 ] /mb_oa/index.php?m=Index&a=xiaobei | DEBUG: Run CheckTemplate Behavior [ RunTime:0.000142s ]
[ 2017-06-20T16:28:27+08:00 ] /mb_oa/index.php?m=Index&a=xiaobei | DEBUG: Tag[ app_begin ] --END-- [ RunTime:0.000172s ]
[ 2017-06-20T16:28:59+08:00 ] /mb_oa/index.php?m=Index&a=xiaobei | DEBUG: Tag[ app_begin ] --START--
[ 2017-06-20T16:28:59+08:00 ] /mb_oa/index.php?m=Index&a=xiaobei | DEBUG: Run CheckTemplate Behavior [ RunTime:0.000129s ]
[ 2017-06-20T16:28:59+08:00 ] /mb_oa/index.php?m=Index&a=xiaobei | DEBUG: Tag[ app_begin ] --END-- [ RunTime:0.000156s ]
[ 2017-06-20T16:28:59+08:00 ] /mb_oa/index.php?m=Index&a=xiaobei | NOTIC: [8] Undefined index: m IndexAction.class.php 第 10 行.
[ 2017-06-20T16:29:40+08:00 ] /mb_oa/index.php/Index/xiaobei | DEBUG: Tag[ route_check ] --START--
[ 2017-06-20T16:29:40+08:00 ] /mb_oa/index.php/Index/xiaobei | DEBUG: Run CheckRoute Behavior [ RunTime:0.000538s ]
[ 2017-06-20T16:29:40+08:00 ] /mb_oa/index.php/Index/xiaobei | DEBUG: Tag[ route_check ] --END-- [ RunTime:0.000588s ]
[ 2017-06-20T16:29:40+08:00 ] /mb_oa/index.php/Index/xiaobei | NOTIC: [2] preg_replace(): The /e modifier is no longer supported, use preg_replace_callback instead Dispatcher.class.php 第 111 行.
[ 2017-06-20T16:29:40+08:00 ] /mb_oa/index.php/Index/xiaobei | DEBUG: Tag[ app_begin ] --START--
[ 2017-06-20T16:29:40+08:00 ] /mb_oa/index.php/Index/xiaobei | DEBUG: Run CheckTemplate Behavior [ RunTime:0.000339s ]
[ 2017-06-20T16:29:40+08:00 ] /mb_oa/index.php/Index/xiaobei | DEBUG: Tag[ app_begin ] --END-- [ RunTime:0.000359s ]
[ 2017-06-20T16:29:40+08:00 ] /mb_oa/index.php/Index/xiaobei | NOTIC: [8] Undefined index: c IndexAction.class.php 第 10 行.
[ 2017-06-20T16:29:47+08:00 ] /mb_oa/index.php?m=Index&a=xiaobei | DEBUG: Tag[ app_begin ] --START--
[ 2017-06-20T16:29:47+08:00 ] /mb_oa/index.php?m=Index&a=xiaobei | DEBUG: Run CheckTemplate Behavior [ RunTime:0.000122s ]
[ 2017-06-20T16:29:47+08:00 ] /mb_oa/index.php?m=Index&a=xiaobei | DEBUG: Tag[ app_begin ] --END-- [ RunTime:0.000148s ]
[ 2017-06-20T16:29:47+08:00 ] /mb_oa/index.php?m=Index&a=xiaobei | NOTIC: [8] Undefined index: c IndexAction.class.php 第 10 行.
[ 2017-06-20T16:29:48+08:00 ] /mb_oa/index.php?m=Index&a=xiaobei | DEBUG: Tag[ app_begin ] --START--
[ 2017-06-20T16:29:48+08:00 ] /mb_oa/index.php?m=Index&a=xiaobei | DEBUG: Run CheckTemplate Behavior [ RunTime:0.000286s ]
[ 2017-06-20T16:29:48+08:00 ] /mb_oa/index.php?m=Index&a=xiaobei | DEBUG: Tag[ app_begin ] --END-- [ RunTime:0.000378s ]
[ 2017-06-20T16:29:48+08:00 ] /mb_oa/index.php?m=Index&a=xiaobei | NOTIC: [8] Undefined index: c IndexAction.class.php 第 10 行.
[ 2017-06-20T16:29:54+08:00 ] /mb_oa/index.php?m=Index&a=xiaobei&c=aaaa | DEBUG: Tag[ app_begin ] --START--
[ 2017-06-20T16:29:54+08:00 ] /mb_oa/index.php?m=Index&a=xiaobei&c=aaaa | DEBUG: Run CheckTemplate Behavior [ RunTime:0.000118s ]
[ 2017-06-20T16:29:54+08:00 ] /mb_oa/index.php?m=Index&a=xiaobei&c=aaaa | DEBUG: Tag[ app_begin ] --END-- [ RunTime:0.000144s ]
[ 2017-06-20T16:51:55+08:00 ] /mb_oa/index.php?m=register&a=sendMessage | DEBUG: Tag[ app_begin ] --START--
[ 2017-06-20T16:51:55+08:00 ] /mb_oa/index.php?m=register&a=sendMessage | DEBUG: Run CheckTemplate Behavior [ RunTime:0.000127s ]
[ 2017-06-20T16:51:55+08:00 ] /mb_oa/index.php?m=register&a=sendMessage | DEBUG: Tag[ app_begin ] --END-- [ RunTime:0.000151s ]
[ 2017-06-20T16:58:52+08:00 ] /mb_oa/index.php/Index/xiaobei | DEBUG: Tag[ route_check ] --START--
[ 2017-06-20T16:58:52+08:00 ] /mb_oa/index.php/Index/xiaobei | DEBUG: Run CheckRoute Behavior [ RunTime:0.000721s ]
[ 2017-06-20T16:58:52+08:00 ] /mb_oa/index.php/Index/xiaobei | DEBUG: Tag[ route_check ] --END-- [ RunTime:0.000768s ]
[ 2017-06-20T16:58:52+08:00 ] /mb_oa/index.php/Index/xiaobei | NOTIC: [2] preg_replace(): The /e modifier is no longer supported, use preg_replace_callback instead Dispatcher.class.php 第 111 行.
[ 2017-06-20T16:58:52+08:00 ] /mb_oa/index.php/Index/xiaobei | DEBUG: Tag[ app_begin ] --START--
[ 2017-06-20T16:58:52+08:00 ] /mb_oa/index.php/Index/xiaobei | DEBUG: Run CheckTemplate Behavior [ RunTime:0.000304s ]
[ 2017-06-20T16:58:52+08:00 ] /mb_oa/index.php/Index/xiaobei | DEBUG: Tag[ app_begin ] --END-- [ RunTime:0.000321s ]
[ 2017-06-20T16:58:52+08:00 ] /mb_oa/index.php/Index/xiaobei | NOTIC: [8] Undefined index: c IndexAction.class.php 第 10 行.
[ 2017-06-20T16:58:59+08:00 ] /mb_oa/index.php | DEBUG: Tag[ app_begin ] --START--
[ 2017-06-20T16:58:59+08:00 ] /mb_oa/index.php | DEBUG: Run CheckTemplate Behavior [ RunTime:0.000121s ]
[ 2017-06-20T16:58:59+08:00 ] /mb_oa/index.php | DEBUG: Tag[ app_begin ] --END-- [ RunTime:0.000145s ]
[ 2017-06-20T16:59:00+08:00 ] /mb_oa/index.php?m=Index&a=xiaobei | DEBUG: Tag[ app_begin ] --START--
[ 2017-06-20T16:59:00+08:00 ] /mb_oa/index.php?m=Index&a=xiaobei | DEBUG: Run CheckTemplate Behavior [ RunTime:0.000116s ]
[ 2017-06-20T16:59:00+08:00 ] /mb_oa/index.php?m=Index&a=xiaobei | DEBUG: Tag[ app_begin ] --END-- [ RunTime:0.000142s ]
[ 2017-06-20T16:59:00+08:00 ] /mb_oa/index.php?m=Index&a=xiaobei | NOTIC: [8] Undefined index: c IndexAction.class.php 第 10 行.
[ 2017-06-20T16:59:04+08:00 ] /mb_oa/index.php?m=Index&a=xiaobei | DEBUG: Tag[ app_begin ] --START--
[ 2017-06-20T16:59:04+08:00 ] /mb_oa/index.php?m=Index&a=xiaobei | DEBUG: Run CheckTemplate Behavior [ RunTime:0.000129s ]
[ 2017-06-20T16:59:04+08:00 ] /mb_oa/index.php?m=Index&a=xiaobei | DEBUG: Tag[ app_begin ] --END-- [ RunTime:0.000160s ]
[ 2017-06-20T16:59:04+08:00 ] /mb_oa/index.php?m=Index&a=xiaobei | NOTIC: [8] Undefined index: c IndexAction.class.php 第 10 行.
[ 2017-06-20T17:00:53+08:00 ] /mb_oa/index.php?m=register&a=sendMessage | DEBUG: Tag[ app_begin ] --START--
[ 2017-06-20T17:00:53+08:00 ] /mb_oa/index.php?m=register&a=sendMessage | DEBUG: Run CheckTemplate Behavior [ RunTime:0.000307s ]
[ 2017-06-20T17:00:53+08:00 ] /mb_oa/index.php?m=register&a=sendMessage | DEBUG: Tag[ app_begin ] --END-- [ RunTime:0.000337s ]
[ 2017-06-20T17:00:53+08:00 ] /mb_oa/index.php?m=register&a=sendMessage | NOTIC: [8] Undefined variable: Think registerAction.class.php 第 8 行.
[ 2017-06-20T17:00:53+08:00 ] /mb_oa/index.php?m=register&a=sendMessage | NOTIC: [8] Trying to get property of non-object registerAction.class.php 第 8 行.
[ 2017-06-20T17:02:30+08:00 ] /mb_oa/index.php?m=register&a=sendMessage | DEBUG: Tag[ app_begin ] --START--
[ 2017-06-20T17:02:30+08:00 ] /mb_oa/index.php?m=register&a=sendMessage | DEBUG: Run CheckTemplate Behavior [ RunTime:0.000135s ]
[ 2017-06-20T17:02:30+08:00 ] /mb_oa/index.php?m=register&a=sendMessage | DEBUG: Tag[ app_begin ] --END-- [ RunTime:0.000164s ]
[ 2017-06-20T17:10:53+08:00 ] /mb_oa/index.php?m=register&a=sendMessage | DEBUG: Tag[ app_begin ] --START--
[ 2017-06-20T17:10:53+08:00 ] /mb_oa/index.php?m=register&a=sendMessage | DEBUG: Run CheckTemplate Behavior [ RunTime:0.000340s ]
[ 2017-06-20T17:10:53+08:00 ] /mb_oa/index.php?m=register&a=sendMessage | DEBUG: Tag[ app_begin ] --END-- [ RunTime:0.000375s ]
