[ 2017-06-22T12:13:09+08:00 ] /mb_oa/index.php/Index/xiaobei | DEBUG: Tag[ route_check ] --START--
[ 2017-06-22T12:13:09+08:00 ] /mb_oa/index.php/Index/xiaobei | DEBUG: Run CheckRoute Behavior [ RunTime:0.000492s ]
[ 2017-06-22T12:13:09+08:00 ] /mb_oa/index.php/Index/xiaobei | DEBUG: Tag[ route_check ] --END-- [ RunTime:0.000985s ]
[ 2017-06-22T12:13:09+08:00 ] /mb_oa/index.php/Index/xiaobei | NOTIC: [2] preg_replace(): The /e modifier is no longer supported, use preg_replace_callback instead Dispatcher.class.php 第 111 行.
[ 2017-06-22T12:13:09+08:00 ] /mb_oa/index.php/Index/xiaobei | DEBUG: Tag[ app_begin ] --START--
[ 2017-06-22T12:13:09+08:00 ] /mb_oa/index.php/Index/xiaobei | DEBUG: Run CheckTemplate Behavior [ RunTime:0.000445s ]
[ 2017-06-22T12:13:09+08:00 ] /mb_oa/index.php/Index/xiaobei | DEBUG: Tag[ app_begin ] --END-- [ RunTime:0.000474s ]
[ 2017-06-22T12:13:41+08:00 ] /mb_oa/index.php/Index/xiaobei | DEBUG: Tag[ route_check ] --START--
[ 2017-06-22T12:13:41+08:00 ] /mb_oa/index.php/Index/xiaobei | DEBUG: Run CheckRoute Behavior [ RunTime:0.000347s ]
[ 2017-06-22T12:13:41+08:00 ] /mb_oa/index.php/Index/xiaobei | DEBUG: Tag[ route_check ] --END-- [ RunTime:0.000426s ]
[ 2017-06-22T12:13:41+08:00 ] /mb_oa/index.php/Index/xiaobei | NOTIC: [2] preg_replace(): The /e modifier is no longer supported, use preg_replace_callback instead Dispatcher.class.php 第 111 行.
[ 2017-06-22T12:13:41+08:00 ] /mb_oa/index.php/Index/xiaobei | DEBUG: Tag[ app_begin ] --START--
[ 2017-06-22T12:13:41+08:00 ] /mb_oa/index.php/Index/xiaobei | DEBUG: Run CheckTemplate Behavior [ RunTime:0.000142s ]
[ 2017-06-22T12:13:41+08:00 ] /mb_oa/index.php/Index/xiaobei | DEBUG: Tag[ app_begin ] --END-- [ RunTime:0.000157s ]
[ 2017-06-22T12:13:52+08:00 ] /mb_oa/index.php/Index/xiaobei | DEBUG: Tag[ route_check ] --START--
[ 2017-06-22T12:13:52+08:00 ] /mb_oa/index.php/Index/xiaobei | DEBUG: Run CheckRoute Behavior [ RunTime:0.000303s ]
[ 2017-06-22T12:13:52+08:00 ] /mb_oa/index.php/Index/xiaobei | DEBUG: Tag[ route_check ] --END-- [ RunTime:0.000387s ]
[ 2017-06-22T12:13:52+08:00 ] /mb_oa/index.php/Index/xiaobei | NOTIC: [2] preg_replace(): The /e modifier is no longer supported, use preg_replace_callback instead Dispatcher.class.php 第 111 行.
[ 2017-06-22T12:13:52+08:00 ] /mb_oa/index.php/Index/xiaobei | DEBUG: Tag[ app_begin ] --START--
[ 2017-06-22T12:13:52+08:00 ] /mb_oa/index.php/Index/xiaobei | DEBUG: Run CheckTemplate Behavior [ RunTime:0.000133s ]
[ 2017-06-22T12:13:52+08:00 ] /mb_oa/index.php/Index/xiaobei | DEBUG: Tag[ app_begin ] --END-- [ RunTime:0.000146s ]
[ 2017-06-22T12:14:43+08:00 ] /mb_oa/index.php/Index/xiaobei | DEBUG: Tag[ route_check ] --START--
[ 2017-06-22T12:14:43+08:00 ] /mb_oa/index.php/Index/xiaobei | DEBUG: Run CheckRoute Behavior [ RunTime:0.000507s ]
[ 2017-06-22T12:14:43+08:00 ] /mb_oa/index.php/Index/xiaobei | DEBUG: Tag[ route_check ] --END-- [ RunTime:0.000610s ]
[ 2017-06-22T12:14:43+08:00 ] /mb_oa/index.php/Index/xiaobei | NOTIC: [2] preg_replace(): The /e modifier is no longer supported, use preg_replace_callback instead Dispatcher.class.php 第 111 行.
[ 2017-06-22T12:14:43+08:00 ] /mb_oa/index.php/Index/xiaobei | DEBUG: Tag[ app_begin ] --START--
[ 2017-06-22T12:14:43+08:00 ] /mb_oa/index.php/Index/xiaobei | DEBUG: Run CheckTemplate Behavior [ RunTime:0.000319s ]
[ 2017-06-22T12:14:43+08:00 ] /mb_oa/index.php/Index/xiaobei | DEBUG: Tag[ app_begin ] --END-- [ RunTime:0.000337s ]
[ 2017-06-22T12:14:53+08:00 ] /mb_oa/index.php/Index/xiaobei | DEBUG: Tag[ route_check ] --START--
[ 2017-06-22T12:14:53+08:00 ] /mb_oa/index.php/Index/xiaobei | DEBUG: Run CheckRoute Behavior [ RunTime:0.000298s ]
[ 2017-06-22T12:14:53+08:00 ] /mb_oa/index.php/Index/xiaobei | DEBUG: Tag[ route_check ] --END-- [ RunTime:0.000379s ]
[ 2017-06-22T12:14:53+08:00 ] /mb_oa/index.php/Index/xiaobei | NOTIC: [2] preg_replace(): The /e modifier is no longer supported, use preg_replace_callback instead Dispatcher.class.php 第 111 行.
[ 2017-06-22T12:14:53+08:00 ] /mb_oa/index.php/Index/xiaobei | DEBUG: Tag[ app_begin ] --START--
[ 2017-06-22T12:14:53+08:00 ] /mb_oa/index.php/Index/xiaobei | DEBUG: Run CheckTemplate Behavior [ RunTime:0.000131s ]
[ 2017-06-22T12:14:53+08:00 ] /mb_oa/index.php/Index/xiaobei | DEBUG: Tag[ app_begin ] --END-- [ RunTime:0.000145s ]
[ 2017-06-22T12:15:44+08:00 ] /mb_oa/index.php/Index/xiaobei | DEBUG: Tag[ route_check ] --START--
[ 2017-06-22T12:15:44+08:00 ] /mb_oa/index.php/Index/xiaobei | DEBUG: Run CheckRoute Behavior [ RunTime:0.000329s ]
[ 2017-06-22T12:15:44+08:00 ] /mb_oa/index.php/Index/xiaobei | DEBUG: Tag[ route_check ] --END-- [ RunTime:0.000419s ]
[ 2017-06-22T12:15:44+08:00 ] /mb_oa/index.php/Index/xiaobei | NOTIC: [2] preg_replace(): The /e modifier is no longer supported, use preg_replace_callback instead Dispatcher.class.php 第 111 行.
[ 2017-06-22T12:15:44+08:00 ] /mb_oa/index.php/Index/xiaobei | DEBUG: Tag[ app_begin ] --START--
[ 2017-06-22T12:15:44+08:00 ] /mb_oa/index.php/Index/xiaobei | DEBUG: Run CheckTemplate Behavior [ RunTime:0.000160s ]
[ 2017-06-22T12:15:44+08:00 ] /mb_oa/index.php/Index/xiaobei | DEBUG: Tag[ app_begin ] --END-- [ RunTime:0.000184s ]
[ 2017-06-22T12:16:03+08:00 ] /mb_oa/index.php/Index/xiaobei | DEBUG: Tag[ route_check ] --START--
[ 2017-06-22T12:16:03+08:00 ] /mb_oa/index.php/Index/xiaobei | DEBUG: Run CheckRoute Behavior [ RunTime:0.000256s ]
[ 2017-06-22T12:16:03+08:00 ] /mb_oa/index.php/Index/xiaobei | DEBUG: Tag[ route_check ] --END-- [ RunTime:0.000282s ]
[ 2017-06-22T12:16:03+08:00 ] /mb_oa/index.php/Index/xiaobei | NOTIC: [2] preg_replace(): The /e modifier is no longer supported, use preg_replace_callback instead Dispatcher.class.php 第 111 行.
[ 2017-06-22T12:16:03+08:00 ] /mb_oa/index.php/Index/xiaobei | DEBUG: Tag[ app_begin ] --START--
[ 2017-06-22T12:16:03+08:00 ] /mb_oa/index.php/Index/xiaobei | DEBUG: Run CheckTemplate Behavior [ RunTime:0.000120s ]
[ 2017-06-22T12:16:03+08:00 ] /mb_oa/index.php/Index/xiaobei | DEBUG: Tag[ app_begin ] --END-- [ RunTime:0.000132s ]
[ 2017-06-22T12:16:28+08:00 ] /mb_oa/index.php/Index/xiaobei | DEBUG: Tag[ route_check ] --START--
[ 2017-06-22T12:16:28+08:00 ] /mb_oa/index.php/Index/xiaobei | DEBUG: Run CheckRoute Behavior [ RunTime:0.000268s ]
[ 2017-06-22T12:16:28+08:00 ] /mb_oa/index.php/Index/xiaobei | DEBUG: Tag[ route_check ] --END-- [ RunTime:0.000296s ]
[ 2017-06-22T12:16:28+08:00 ] /mb_oa/index.php/Index/xiaobei | NOTIC: [2] preg_replace(): The /e modifier is no longer supported, use preg_replace_callback instead Dispatcher.class.php 第 111 行.
[ 2017-06-22T12:16:28+08:00 ] /mb_oa/index.php/Index/xiaobei | DEBUG: Tag[ app_begin ] --START--
[ 2017-06-22T12:16:28+08:00 ] /mb_oa/index.php/Index/xiaobei | DEBUG: Run CheckTemplate Behavior [ RunTime:0.000128s ]
[ 2017-06-22T12:16:28+08:00 ] /mb_oa/index.php/Index/xiaobei | DEBUG: Tag[ app_begin ] --END-- [ RunTime:0.000141s ]
[ 2017-06-22T12:17:10+08:00 ] /mb_oa/index.php/Index/xiaobei | DEBUG: Tag[ route_check ] --START--
[ 2017-06-22T12:17:10+08:00 ] /mb_oa/index.php/Index/xiaobei | DEBUG: Run CheckRoute Behavior [ RunTime:0.000264s ]
[ 2017-06-22T12:17:10+08:00 ] /mb_oa/index.php/Index/xiaobei | DEBUG: Tag[ route_check ] --END-- [ RunTime:0.000289s ]
[ 2017-06-22T12:17:10+08:00 ] /mb_oa/index.php/Index/xiaobei | NOTIC: [2] preg_replace(): The /e modifier is no longer supported, use preg_replace_callback instead Dispatcher.class.php 第 111 行.
[ 2017-06-22T12:17:10+08:00 ] /mb_oa/index.php/Index/xiaobei | DEBUG: Tag[ app_begin ] --START--
[ 2017-06-22T12:17:10+08:00 ] /mb_oa/index.php/Index/xiaobei | DEBUG: Run CheckTemplate Behavior [ RunTime:0.000127s ]
[ 2017-06-22T12:17:10+08:00 ] /mb_oa/index.php/Index/xiaobei | DEBUG: Tag[ app_begin ] --END-- [ RunTime:0.000140s ]
[ 2017-06-22T12:18:01+08:00 ] /mb_oa/index.php/Index/xiaobei | DEBUG: Tag[ route_check ] --START--
[ 2017-06-22T12:18:01+08:00 ] /mb_oa/index.php/Index/xiaobei | DEBUG: Run CheckRoute Behavior [ RunTime:0.000263s ]
[ 2017-06-22T12:18:01+08:00 ] /mb_oa/index.php/Index/xiaobei | DEBUG: Tag[ route_check ] --END-- [ RunTime:0.000289s ]
[ 2017-06-22T12:18:01+08:00 ] /mb_oa/index.php/Index/xiaobei | NOTIC: [2] preg_replace(): The /e modifier is no longer supported, use preg_replace_callback instead Dispatcher.class.php 第 111 行.
[ 2017-06-22T12:18:01+08:00 ] /mb_oa/index.php/Index/xiaobei | DEBUG: Tag[ app_begin ] --START--
[ 2017-06-22T12:18:01+08:00 ] /mb_oa/index.php/Index/xiaobei | DEBUG: Run CheckTemplate Behavior [ RunTime:0.000126s ]
[ 2017-06-22T12:18:01+08:00 ] /mb_oa/index.php/Index/xiaobei | DEBUG: Tag[ app_begin ] --END-- [ RunTime:0.000139s ]
[ 2017-06-22T12:19:26+08:00 ] /mb_oa/index.php/Index/xiaobei | DEBUG: Tag[ route_check ] --START--
[ 2017-06-22T12:19:26+08:00 ] /mb_oa/index.php/Index/xiaobei | DEBUG: Run CheckRoute Behavior [ RunTime:0.000274s ]
[ 2017-06-22T12:19:26+08:00 ] /mb_oa/index.php/Index/xiaobei | DEBUG: Tag[ route_check ] --END-- [ RunTime:0.000302s ]
[ 2017-06-22T12:19:26+08:00 ] /mb_oa/index.php/Index/xiaobei | NOTIC: [2] preg_replace(): The /e modifier is no longer supported, use preg_replace_callback instead Dispatcher.class.php 第 111 行.
[ 2017-06-22T12:19:26+08:00 ] /mb_oa/index.php/Index/xiaobei | DEBUG: Tag[ app_begin ] --START--
[ 2017-06-22T12:19:26+08:00 ] /mb_oa/index.php/Index/xiaobei | DEBUG: Run CheckTemplate Behavior [ RunTime:0.000139s ]
[ 2017-06-22T12:19:26+08:00 ] /mb_oa/index.php/Index/xiaobei | DEBUG: Tag[ app_begin ] --END-- [ RunTime:0.000154s ]
[ 2017-06-22T12:22:09+08:00 ] /mb_oa/index.php/Index/xiaobei | DEBUG: Tag[ route_check ] --START--
[ 2017-06-22T12:22:09+08:00 ] /mb_oa/index.php/Index/xiaobei | DEBUG: Run CheckRoute Behavior [ RunTime:0.000680s ]
[ 2017-06-22T12:22:09+08:00 ] /mb_oa/index.php/Index/xiaobei | DEBUG: Tag[ route_check ] --END-- [ RunTime:0.000731s ]
[ 2017-06-22T12:22:09+08:00 ] /mb_oa/index.php/Index/xiaobei | NOTIC: [2] preg_replace(): The /e modifier is no longer supported, use preg_replace_callback instead Dispatcher.class.php 第 111 行.
[ 2017-06-22T12:22:09+08:00 ] /mb_oa/index.php/Index/xiaobei | DEBUG: Tag[ app_begin ] --START--
[ 2017-06-22T12:22:09+08:00 ] /mb_oa/index.php/Index/xiaobei | DEBUG: Run CheckTemplate Behavior [ RunTime:0.000422s ]
[ 2017-06-22T12:22:09+08:00 ] /mb_oa/index.php/Index/xiaobei | DEBUG: Tag[ app_begin ] --END-- [ RunTime:0.000443s ]
[ 2017-06-22T13:26:13+08:00 ] /mb_oa/index.php/Index/xiaobei | DEBUG: Tag[ route_check ] --START--
[ 2017-06-22T13:26:13+08:00 ] /mb_oa/index.php/Index/xiaobei | DEBUG: Run CheckRoute Behavior [ RunTime:0.000541s ]
[ 2017-06-22T13:26:13+08:00 ] /mb_oa/index.php/Index/xiaobei | DEBUG: Tag[ route_check ] --END-- [ RunTime:0.000575s ]
[ 2017-06-22T13:26:13+08:00 ] /mb_oa/index.php/Index/xiaobei | NOTIC: [2] preg_replace(): The /e modifier is no longer supported, use preg_replace_callback instead Dispatcher.class.php 第 111 行.
[ 2017-06-22T13:26:13+08:00 ] /mb_oa/index.php/Index/xiaobei | DEBUG: Tag[ app_begin ] --START--
[ 2017-06-22T13:26:13+08:00 ] /mb_oa/index.php/Index/xiaobei | DEBUG: Run CheckTemplate Behavior [ RunTime:0.000357s ]
[ 2017-06-22T13:26:13+08:00 ] /mb_oa/index.php/Index/xiaobei | DEBUG: Tag[ app_begin ] --END-- [ RunTime:0.000379s ]
[ 2017-06-22T13:36:27+08:00 ] /mb_oa/index.php/Register/register | DEBUG: Tag[ route_check ] --START--
[ 2017-06-22T13:36:27+08:00 ] /mb_oa/index.php/Register/register | DEBUG: Run CheckRoute Behavior [ RunTime:0.000503s ]
[ 2017-06-22T13:36:27+08:00 ] /mb_oa/index.php/Register/register | DEBUG: Tag[ route_check ] --END-- [ RunTime:0.000540s ]
[ 2017-06-22T13:36:27+08:00 ] /mb_oa/index.php/Register/register | NOTIC: [2] preg_replace(): The /e modifier is no longer supported, use preg_replace_callback instead Dispatcher.class.php 第 111 行.
[ 2017-06-22T13:36:27+08:00 ] /mb_oa/index.php/Register/register | DEBUG: Tag[ app_begin ] --START--
[ 2017-06-22T13:36:27+08:00 ] /mb_oa/index.php/Register/register | DEBUG: Run CheckTemplate Behavior [ RunTime:0.000364s ]
[ 2017-06-22T13:36:27+08:00 ] /mb_oa/index.php/Register/register | DEBUG: Tag[ app_begin ] --END-- [ RunTime:0.000386s ]
[ 2017-06-22T13:36:27+08:00 ] /mb_oa/index.php/Register/register | NOTIC: [8] Undefined index: mobile RegisterAction.class.php 第 15 行.
[ 2017-06-22T13:36:27+08:00 ] /mb_oa/index.php/Register/register | NOTIC: [8] Undefined index: identity RegisterAction.class.php 第 16 行.
[ 2017-06-22T13:36:27+08:00 ] /mb_oa/index.php/Register/register | NOTIC: [8] Undefined index: passworld RegisterAction.class.php 第 17 行.
[ 2017-06-22T13:36:37+08:00 ] /mb_oa/index.php/register/register | DEBUG: Tag[ route_check ] --START--
[ 2017-06-22T13:36:37+08:00 ] /mb_oa/index.php/register/register | DEBUG: Run CheckRoute Behavior [ RunTime:0.000444s ]
[ 2017-06-22T13:36:37+08:00 ] /mb_oa/index.php/register/register | DEBUG: Tag[ route_check ] --END-- [ RunTime:0.000493s ]
[ 2017-06-22T13:36:37+08:00 ] /mb_oa/index.php/register/register | NOTIC: [2] preg_replace(): The /e modifier is no longer supported, use preg_replace_callback instead Dispatcher.class.php 第 111 行.
[ 2017-06-22T13:36:37+08:00 ] /mb_oa/index.php/register/register | DEBUG: Tag[ app_begin ] --START--
[ 2017-06-22T13:36:37+08:00 ] /mb_oa/index.php/register/register | DEBUG: Run CheckTemplate Behavior [ RunTime:0.000147s ]
[ 2017-06-22T13:36:37+08:00 ] /mb_oa/index.php/register/register | DEBUG: Tag[ app_begin ] --END-- [ RunTime:0.000159s ]
[ 2017-06-22T13:36:37+08:00 ] /mb_oa/index.php/register/register | NOTIC: [8] Undefined index: mobile registerAction.class.php 第 15 行.
[ 2017-06-22T13:36:37+08:00 ] /mb_oa/index.php/register/register | NOTIC: [8] Undefined index: identity registerAction.class.php 第 16 行.
[ 2017-06-22T13:36:37+08:00 ] /mb_oa/index.php/register/register | NOTIC: [8] Undefined index: passworld registerAction.class.php 第 17 行.
[ 2017-06-22T13:36:58+08:00 ] /mb_oa/index.php/register/register | DEBUG: Tag[ route_check ] --START--
[ 2017-06-22T13:36:58+08:00 ] /mb_oa/index.php/register/register | DEBUG: Run CheckRoute Behavior [ RunTime:0.000617s ]
[ 2017-06-22T13:36:58+08:00 ] /mb_oa/index.php/register/register | DEBUG: Tag[ route_check ] --END-- [ RunTime:0.000676s ]
[ 2017-06-22T13:36:58+08:00 ] /mb_oa/index.php/register/register | NOTIC: [2] preg_replace(): The /e modifier is no longer supported, use preg_replace_callback instead Dispatcher.class.php 第 111 行.
[ 2017-06-22T13:36:58+08:00 ] /mb_oa/index.php/register/register | DEBUG: Tag[ app_begin ] --START--
[ 2017-06-22T13:36:58+08:00 ] /mb_oa/index.php/register/register | DEBUG: Run CheckTemplate Behavior [ RunTime:0.000234s ]
[ 2017-06-22T13:36:58+08:00 ] /mb_oa/index.php/register/register | DEBUG: Tag[ app_begin ] --END-- [ RunTime:0.000270s ]
[ 2017-06-22T13:36:58+08:00 ] /mb_oa/index.php/register/register | NOTIC: [8] Undefined index: mobile registerAction.class.php 第 15 行.
[ 2017-06-22T13:36:58+08:00 ] /mb_oa/index.php/register/register | NOTIC: [8] Undefined index: identity registerAction.class.php 第 16 行.
[ 2017-06-22T13:36:58+08:00 ] /mb_oa/index.php/register/register | NOTIC: [8] Undefined index: passworld registerAction.class.php 第 17 行.
[ 2017-06-22T13:37:47+08:00 ] /mb_oa/index.php/register/register | DEBUG: Tag[ route_check ] --START--
[ 2017-06-22T13:37:47+08:00 ] /mb_oa/index.php/register/register | DEBUG: Run CheckRoute Behavior [ RunTime:0.000857s ]
[ 2017-06-22T13:37:47+08:00 ] /mb_oa/index.php/register/register | DEBUG: Tag[ route_check ] --END-- [ RunTime:0.000973s ]
[ 2017-06-22T13:37:47+08:00 ] /mb_oa/index.php/register/register | NOTIC: [2] preg_replace(): The /e modifier is no longer supported, use preg_replace_callback instead Dispatcher.class.php 第 111 行.
[ 2017-06-22T13:37:47+08:00 ] /mb_oa/index.php/register/register | DEBUG: Tag[ app_begin ] --START--
[ 2017-06-22T13:37:47+08:00 ] /mb_oa/index.php/register/register | DEBUG: Run CheckTemplate Behavior [ RunTime:0.000404s ]
[ 2017-06-22T13:37:47+08:00 ] /mb_oa/index.php/register/register | DEBUG: Tag[ app_begin ] --END-- [ RunTime:0.000454s ]
[ 2017-06-22T13:37:47+08:00 ] /mb_oa/index.php/register/register | NOTIC: [8] Undefined index: mobile registerAction.class.php 第 15 行.
[ 2017-06-22T13:37:47+08:00 ] /mb_oa/index.php/register/register | NOTIC: [8] Undefined index: identity registerAction.class.php 第 16 行.
[ 2017-06-22T13:37:47+08:00 ] /mb_oa/index.php/register/register | NOTIC: [8] Undefined index: passworld registerAction.class.php 第 17 行.
[ 2017-06-22T13:58:18+08:00 ] /mb_oa/index.php/register/register | DEBUG: Tag[ route_check ] --START--
[ 2017-06-22T13:58:18+08:00 ] /mb_oa/index.php/register/register | DEBUG: Run CheckRoute Behavior [ RunTime:0.000490s ]
[ 2017-06-22T13:58:18+08:00 ] /mb_oa/index.php/register/register | DEBUG: Tag[ route_check ] --END-- [ RunTime:0.000532s ]
[ 2017-06-22T13:58:18+08:00 ] /mb_oa/index.php/register/register | NOTIC: [2] preg_replace(): The /e modifier is no longer supported, use preg_replace_callback instead Dispatcher.class.php 第 111 行.
[ 2017-06-22T13:58:18+08:00 ] /mb_oa/index.php/register/register | DEBUG: Tag[ app_begin ] --START--
[ 2017-06-22T13:58:18+08:00 ] /mb_oa/index.php/register/register | DEBUG: Run CheckTemplate Behavior [ RunTime:0.000378s ]
[ 2017-06-22T13:58:18+08:00 ] /mb_oa/index.php/register/register | DEBUG: Tag[ app_begin ] --END-- [ RunTime:0.000398s ]
[ 2017-06-22T13:58:18+08:00 ] /mb_oa/index.php/register/register | NOTIC: [8] Undefined index: identity registerAction.class.php 第 17 行.
[ 2017-06-22T13:58:18+08:00 ] /mb_oa/index.php/register/register | NOTIC: [8] Undefined variable: errmsg registerAction.class.php 第 27 行.
[ 2017-06-22T14:00:59+08:00 ] /mb_oa/index.php/register/register | DEBUG: Tag[ route_check ] --START--
[ 2017-06-22T14:00:59+08:00 ] /mb_oa/index.php/register/register | DEBUG: Run CheckRoute Behavior [ RunTime:0.000250s ]
[ 2017-06-22T14:00:59+08:00 ] /mb_oa/index.php/register/register | DEBUG: Tag[ route_check ] --END-- [ RunTime:0.000276s ]
[ 2017-06-22T14:00:59+08:00 ] /mb_oa/index.php/register/register | NOTIC: [2] preg_replace(): The /e modifier is no longer supported, use preg_replace_callback instead Dispatcher.class.php 第 111 行.
[ 2017-06-22T14:00:59+08:00 ] /mb_oa/index.php/register/register | DEBUG: Tag[ app_begin ] --START--
[ 2017-06-22T14:00:59+08:00 ] /mb_oa/index.php/register/register | DEBUG: Run CheckTemplate Behavior [ RunTime:0.000129s ]
[ 2017-06-22T14:00:59+08:00 ] /mb_oa/index.php/register/register | DEBUG: Tag[ app_begin ] --END-- [ RunTime:0.000142s ]
[ 2017-06-22T14:00:59+08:00 ] /mb_oa/index.php/register/register | NOTIC: [8] Undefined index: identity registerAction.class.php 第 17 行.
[ 2017-06-22T14:00:59+08:00 ] /mb_oa/index.php/register/register | NOTIC: [8] Undefined variable: errmsg registerAction.class.php 第 28 行.
[ 2017-06-22T14:03:27+08:00 ] /mb_oa/index.php/register/register | DEBUG: Tag[ route_check ] --START--
[ 2017-06-22T14:03:27+08:00 ] /mb_oa/index.php/register/register | DEBUG: Run CheckRoute Behavior [ RunTime:0.000271s ]
[ 2017-06-22T14:03:27+08:00 ] /mb_oa/index.php/register/register | DEBUG: Tag[ route_check ] --END-- [ RunTime:0.000298s ]
[ 2017-06-22T14:03:27+08:00 ] /mb_oa/index.php/register/register | NOTIC: [2] preg_replace(): The /e modifier is no longer supported, use preg_replace_callback instead Dispatcher.class.php 第 111 行.
[ 2017-06-22T14:03:27+08:00 ] /mb_oa/index.php/register/register | DEBUG: Tag[ app_begin ] --START--
[ 2017-06-22T14:03:27+08:00 ] /mb_oa/index.php/register/register | DEBUG: Run CheckTemplate Behavior [ RunTime:0.000140s ]
[ 2017-06-22T14:03:27+08:00 ] /mb_oa/index.php/register/register | DEBUG: Tag[ app_begin ] --END-- [ RunTime:0.000154s ]
[ 2017-06-22T14:03:27+08:00 ] /mb_oa/index.php/register/register | NOTIC: [8] Undefined index: identity registerAction.class.php 第 17 行.
[ 2017-06-22T14:20:54+08:00 ] /mb_oa/index.php/register/sendMessage | DEBUG: Tag[ route_check ] --START--
[ 2017-06-22T14:20:54+08:00 ] /mb_oa/index.php/register/sendMessage | DEBUG: Run CheckRoute Behavior [ RunTime:0.000558s ]
[ 2017-06-22T14:20:54+08:00 ] /mb_oa/index.php/register/sendMessage | DEBUG: Tag[ route_check ] --END-- [ RunTime:0.000615s ]
[ 2017-06-22T14:20:54+08:00 ] /mb_oa/index.php/register/sendMessage | NOTIC: [2] preg_replace(): The /e modifier is no longer supported, use preg_replace_callback instead Dispatcher.class.php 第 111 行.
[ 2017-06-22T14:20:54+08:00 ] /mb_oa/index.php/register/sendMessage | DEBUG: Tag[ app_begin ] --START--
[ 2017-06-22T14:20:54+08:00 ] /mb_oa/index.php/register/sendMessage | DEBUG: Run CheckTemplate Behavior [ RunTime:0.000279s ]
[ 2017-06-22T14:20:54+08:00 ] /mb_oa/index.php/register/sendMessage | DEBUG: Tag[ app_begin ] --END-- [ RunTime:0.000295s ]
[ 2017-06-22T14:23:19+08:00 ] /mb_oa/index.php/register/sendMessage | DEBUG: Tag[ route_check ] --START--
[ 2017-06-22T14:23:19+08:00 ] /mb_oa/index.php/register/sendMessage | DEBUG: Run CheckRoute Behavior [ RunTime:0.000493s ]
[ 2017-06-22T14:23:19+08:00 ] /mb_oa/index.php/register/sendMessage | DEBUG: Tag[ route_check ] --END-- [ RunTime:0.000525s ]
[ 2017-06-22T14:23:19+08:00 ] /mb_oa/index.php/register/sendMessage | NOTIC: [2] preg_replace(): The /e modifier is no longer supported, use preg_replace_callback instead Dispatcher.class.php 第 111 行.
[ 2017-06-22T14:23:19+08:00 ] /mb_oa/index.php/register/sendMessage | DEBUG: Tag[ app_begin ] --START--
[ 2017-06-22T14:23:19+08:00 ] /mb_oa/index.php/register/sendMessage | DEBUG: Run CheckTemplate Behavior [ RunTime:0.000365s ]
[ 2017-06-22T14:23:19+08:00 ] /mb_oa/index.php/register/sendMessage | DEBUG: Tag[ app_begin ] --END-- [ RunTime:0.000386s ]
[ 2017-06-22T14:45:40+08:00 ] /mb_oa/index.php/register/sendMessage | DEBUG: Tag[ route_check ] --START--
[ 2017-06-22T14:45:40+08:00 ] /mb_oa/index.php/register/sendMessage | DEBUG: Run CheckRoute Behavior [ RunTime:0.000518s ]
[ 2017-06-22T14:45:40+08:00 ] /mb_oa/index.php/register/sendMessage | DEBUG: Tag[ route_check ] --END-- [ RunTime:0.000558s ]
[ 2017-06-22T14:45:40+08:00 ] /mb_oa/index.php/register/sendMessage | NOTIC: [2] preg_replace(): The /e modifier is no longer supported, use preg_replace_callback instead Dispatcher.class.php 第 111 行.
[ 2017-06-22T14:45:40+08:00 ] /mb_oa/index.php/register/sendMessage | DEBUG: Tag[ app_begin ] --START--
[ 2017-06-22T14:45:40+08:00 ] /mb_oa/index.php/register/sendMessage | DEBUG: Run CheckTemplate Behavior [ RunTime:0.000370s ]
[ 2017-06-22T14:45:40+08:00 ] /mb_oa/index.php/register/sendMessage | DEBUG: Tag[ app_begin ] --END-- [ RunTime:0.000396s ]
[ 2017-06-22T14:47:24+08:00 ] /mb_oa/index.php/register/sendMessage | DEBUG: Tag[ route_check ] --START--
[ 2017-06-22T14:47:24+08:00 ] /mb_oa/index.php/register/sendMessage | DEBUG: Run CheckRoute Behavior [ RunTime:0.000527s ]
[ 2017-06-22T14:47:24+08:00 ] /mb_oa/index.php/register/sendMessage | DEBUG: Tag[ route_check ] --END-- [ RunTime:0.000562s ]
[ 2017-06-22T14:47:24+08:00 ] /mb_oa/index.php/register/sendMessage | NOTIC: [2] preg_replace(): The /e modifier is no longer supported, use preg_replace_callback instead Dispatcher.class.php 第 111 行.
[ 2017-06-22T14:47:24+08:00 ] /mb_oa/index.php/register/sendMessage | DEBUG: Tag[ app_begin ] --START--
[ 2017-06-22T14:47:24+08:00 ] /mb_oa/index.php/register/sendMessage | DEBUG: Run CheckTemplate Behavior [ RunTime:0.000353s ]
[ 2017-06-22T14:47:24+08:00 ] /mb_oa/index.php/register/sendMessage | DEBUG: Tag[ app_begin ] --END-- [ RunTime:0.000373s ]
[ 2017-06-22T14:47:54+08:00 ] /mb_oa/index.php/register/sendMessage | DEBUG: Tag[ route_check ] --START--
[ 2017-06-22T14:47:54+08:00 ] /mb_oa/index.php/register/sendMessage | DEBUG: Run CheckRoute Behavior [ RunTime:0.000255s ]
[ 2017-06-22T14:47:54+08:00 ] /mb_oa/index.php/register/sendMessage | DEBUG: Tag[ route_check ] --END-- [ RunTime:0.000285s ]
[ 2017-06-22T14:47:54+08:00 ] /mb_oa/index.php/register/sendMessage | NOTIC: [2] preg_replace(): The /e modifier is no longer supported, use preg_replace_callback instead Dispatcher.class.php 第 111 行.
[ 2017-06-22T14:47:54+08:00 ] /mb_oa/index.php/register/sendMessage | DEBUG: Tag[ app_begin ] --START--
[ 2017-06-22T14:47:54+08:00 ] /mb_oa/index.php/register/sendMessage | DEBUG: Run CheckTemplate Behavior [ RunTime:0.000131s ]
[ 2017-06-22T14:47:54+08:00 ] /mb_oa/index.php/register/sendMessage | DEBUG: Tag[ app_begin ] --END-- [ RunTime:0.000144s ]
[ 2017-06-22T14:49:48+08:00 ] /mb_oa/index.php/register/sendMessage | DEBUG: Tag[ route_check ] --START--
[ 2017-06-22T14:49:48+08:00 ] /mb_oa/index.php/register/sendMessage | DEBUG: Run CheckRoute Behavior [ RunTime:0.000276s ]
[ 2017-06-22T14:49:48+08:00 ] /mb_oa/index.php/register/sendMessage | DEBUG: Tag[ route_check ] --END-- [ RunTime:0.000309s ]
[ 2017-06-22T14:49:48+08:00 ] /mb_oa/index.php/register/sendMessage | NOTIC: [2] preg_replace(): The /e modifier is no longer supported, use preg_replace_callback instead Dispatcher.class.php 第 111 行.
[ 2017-06-22T14:49:48+08:00 ] /mb_oa/index.php/register/sendMessage | DEBUG: Tag[ app_begin ] --START--
[ 2017-06-22T14:49:48+08:00 ] /mb_oa/index.php/register/sendMessage | DEBUG: Run CheckTemplate Behavior [ RunTime:0.000142s ]
[ 2017-06-22T14:49:48+08:00 ] /mb_oa/index.php/register/sendMessage | DEBUG: Tag[ app_begin ] --END-- [ RunTime:0.000156s ]
[ 2017-06-22T14:51:23+08:00 ] /mb_oa/index.php/register/sendMessage | DEBUG: Tag[ route_check ] --START--
[ 2017-06-22T14:51:23+08:00 ] /mb_oa/index.php/register/sendMessage | DEBUG: Run CheckRoute Behavior [ RunTime:0.000632s ]
[ 2017-06-22T14:51:23+08:00 ] /mb_oa/index.php/register/sendMessage | DEBUG: Tag[ route_check ] --END-- [ RunTime:0.000708s ]
[ 2017-06-22T14:51:23+08:00 ] /mb_oa/index.php/register/sendMessage | NOTIC: [2] preg_replace(): The /e modifier is no longer supported, use preg_replace_callback instead Dispatcher.class.php 第 111 行.
[ 2017-06-22T14:51:23+08:00 ] /mb_oa/index.php/register/sendMessage | DEBUG: Tag[ app_begin ] --START--
[ 2017-06-22T14:51:23+08:00 ] /mb_oa/index.php/register/sendMessage | DEBUG: Run CheckTemplate Behavior [ RunTime:0.000350s ]
[ 2017-06-22T14:51:23+08:00 ] /mb_oa/index.php/register/sendMessage | DEBUG: Tag[ app_begin ] --END-- [ RunTime:0.000370s ]
[ 2017-06-22T14:51:25+08:00 ] /mb_oa/index.php/register/sendMessage | NOTIC: [8] A session had already been started - ignoring session_start() registerAction.class.php 第 27 行.
[ 2017-06-22T14:51:25+08:00 ] /mb_oa/index.php/register/sendMessage | NOTIC: [8] Use of undefined constant mobile - assumed 'mobile' registerAction.class.php 第 28 行.
[ 2017-06-22T14:58:14+08:00 ] /mb_oa/index.php/register/register | DEBUG: Tag[ route_check ] --START--
[ 2017-06-22T14:58:14+08:00 ] /mb_oa/index.php/register/register | DEBUG: Run CheckRoute Behavior [ RunTime:0.000510s ]
[ 2017-06-22T14:58:14+08:00 ] /mb_oa/index.php/register/register | DEBUG: Tag[ route_check ] --END-- [ RunTime:0.000541s ]
[ 2017-06-22T14:58:14+08:00 ] /mb_oa/index.php/register/register | NOTIC: [2] preg_replace(): The /e modifier is no longer supported, use preg_replace_callback instead Dispatcher.class.php 第 111 行.
[ 2017-06-22T14:58:14+08:00 ] /mb_oa/index.php/register/register | DEBUG: Tag[ app_begin ] --START--
[ 2017-06-22T14:58:14+08:00 ] /mb_oa/index.php/register/register | DEBUG: Run CheckTemplate Behavior [ RunTime:0.000151s ]
[ 2017-06-22T14:58:14+08:00 ] /mb_oa/index.php/register/register | DEBUG: Tag[ app_begin ] --END-- [ RunTime:0.000164s ]
[ 2017-06-22T14:58:14+08:00 ] /mb_oa/index.php/register/register | NOTIC: [8] Undefined index: identity registerAction.class.php 第 41 行.
[ 2017-06-22T15:39:25+08:00 ] /mb_oa/index.php/register/register | DEBUG: Tag[ route_check ] --START--
[ 2017-06-22T15:39:25+08:00 ] /mb_oa/index.php/register/register | DEBUG: Run CheckRoute Behavior [ RunTime:0.000809s ]
[ 2017-06-22T15:39:25+08:00 ] /mb_oa/index.php/register/register | DEBUG: Tag[ route_check ] --END-- [ RunTime:0.000848s ]
[ 2017-06-22T15:39:25+08:00 ] /mb_oa/index.php/register/register | NOTIC: [2] preg_replace(): The /e modifier is no longer supported, use preg_replace_callback instead Dispatcher.class.php 第 111 行.
[ 2017-06-22T15:39:25+08:00 ] /mb_oa/index.php/register/register | DEBUG: Tag[ app_begin ] --START--
[ 2017-06-22T15:39:25+08:00 ] /mb_oa/index.php/register/register | DEBUG: Run CheckTemplate Behavior [ RunTime:0.000500s ]
[ 2017-06-22T15:39:25+08:00 ] /mb_oa/index.php/register/register | DEBUG: Tag[ app_begin ] --END-- [ RunTime:0.000533s ]
[ 2017-06-22T15:39:25+08:00 ] /mb_oa/index.php/register/register | NOTIC: [8] Undefined index: identity registerAction.class.php 第 58 行.
[ 2017-06-22T15:39:54+08:00 ] /mb_oa/index.php/register/login | DEBUG: Tag[ route_check ] --START--
[ 2017-06-22T15:39:54+08:00 ] /mb_oa/index.php/register/login | DEBUG: Run CheckRoute Behavior [ RunTime:0.000848s ]
[ 2017-06-22T15:39:54+08:00 ] /mb_oa/index.php/register/login | DEBUG: Tag[ route_check ] --END-- [ RunTime:0.000930s ]
[ 2017-06-22T15:39:54+08:00 ] /mb_oa/index.php/register/login | NOTIC: [2] preg_replace(): The /e modifier is no longer supported, use preg_replace_callback instead Dispatcher.class.php 第 111 行.
[ 2017-06-22T15:39:54+08:00 ] /mb_oa/index.php/register/login | DEBUG: Tag[ app_begin ] --START--
[ 2017-06-22T15:39:54+08:00 ] /mb_oa/index.php/register/login | DEBUG: Run CheckTemplate Behavior [ RunTime:0.000489s ]
[ 2017-06-22T15:39:54+08:00 ] /mb_oa/index.php/register/login | DEBUG: Tag[ app_begin ] --END-- [ RunTime:0.000550s ]
[ 2017-06-22T15:39:54+08:00 ] /mb_oa/index.php/register/login | NOTIC: [8] Undefined offset: 15692162001 registerAction.class.php 第 105 行.
[ 2017-06-22T15:39:54+08:00 ] /mb_oa/index.php/register/login | NOTIC: [8] Use of undefined constant identity - assumed 'identity' registerAction.class.php 第 106 行.
[ 2017-06-22T15:40:46+08:00 ] /mb_oa/index.php/register/login | DEBUG: Tag[ route_check ] --START--
[ 2017-06-22T15:40:46+08:00 ] /mb_oa/index.php/register/login | DEBUG: Run CheckRoute Behavior [ RunTime:0.000935s ]
[ 2017-06-22T15:40:46+08:00 ] /mb_oa/index.php/register/login | DEBUG: Tag[ route_check ] --END-- [ RunTime:0.001038s ]
[ 2017-06-22T15:40:46+08:00 ] /mb_oa/index.php/register/login | NOTIC: [2] preg_replace(): The /e modifier is no longer supported, use preg_replace_callback instead Dispatcher.class.php 第 111 行.
[ 2017-06-22T15:40:46+08:00 ] /mb_oa/index.php/register/login | DEBUG: Tag[ app_begin ] --START--
[ 2017-06-22T15:40:46+08:00 ] /mb_oa/index.php/register/login | DEBUG: Run CheckTemplate Behavior [ RunTime:0.000411s ]
[ 2017-06-22T15:40:46+08:00 ] /mb_oa/index.php/register/login | DEBUG: Tag[ app_begin ] --END-- [ RunTime:0.000428s ]
[ 2017-06-22T15:40:46+08:00 ] /mb_oa/index.php/register/login | NOTIC: [8] Undefined offset: 15692162001 registerAction.class.php 第 105 行.
[ 2017-06-22T15:40:46+08:00 ] /mb_oa/index.php/register/login | NOTIC: [8] Use of undefined constant identity - assumed 'identity' registerAction.class.php 第 106 行.
[ 2017-06-22T15:43:26+08:00 ] /mb_oa/index.php/register/login | DEBUG: Tag[ route_check ] --START--
[ 2017-06-22T15:43:26+08:00 ] /mb_oa/index.php/register/login | DEBUG: Run CheckRoute Behavior [ RunTime:0.000590s ]
[ 2017-06-22T15:43:26+08:00 ] /mb_oa/index.php/register/login | DEBUG: Tag[ route_check ] --END-- [ RunTime:0.000652s ]
[ 2017-06-22T15:43:26+08:00 ] /mb_oa/index.php/register/login | NOTIC: [2] preg_replace(): The /e modifier is no longer supported, use preg_replace_callback instead Dispatcher.class.php 第 111 行.
[ 2017-06-22T15:43:26+08:00 ] /mb_oa/index.php/register/login | DEBUG: Tag[ app_begin ] --START--
[ 2017-06-22T15:43:26+08:00 ] /mb_oa/index.php/register/login | DEBUG: Run CheckTemplate Behavior [ RunTime:0.000661s ]
[ 2017-06-22T15:43:26+08:00 ] /mb_oa/index.php/register/login | DEBUG: Tag[ app_begin ] --END-- [ RunTime:0.000690s ]
[ 2017-06-22T15:43:26+08:00 ] /mb_oa/index.php/register/login | NOTIC: [8] Undefined index: password registerAction.class.php 第 100 行.
[ 2017-06-22T15:43:26+08:00 ] /mb_oa/index.php/register/login | NOTIC: [8] Undefined offset: 15692162001 registerAction.class.php 第 105 行.
[ 2017-06-22T15:43:26+08:00 ] /mb_oa/index.php/register/login | NOTIC: [8] Use of undefined constant identity - assumed 'identity' registerAction.class.php 第 106 行.
[ 2017-06-22T15:49:42+08:00 ] /mb_oa/index.php/register/login | DEBUG: Tag[ route_check ] --START--
[ 2017-06-22T15:49:42+08:00 ] /mb_oa/index.php/register/login | DEBUG: Run CheckRoute Behavior [ RunTime:0.000492s ]
[ 2017-06-22T15:49:42+08:00 ] /mb_oa/index.php/register/login | DEBUG: Tag[ route_check ] --END-- [ RunTime:0.000525s ]
[ 2017-06-22T15:49:42+08:00 ] /mb_oa/index.php/register/login | NOTIC: [2] preg_replace(): The /e modifier is no longer supported, use preg_replace_callback instead Dispatcher.class.php 第 111 行.
[ 2017-06-22T15:49:42+08:00 ] /mb_oa/index.php/register/login | DEBUG: Tag[ app_begin ] --START--
[ 2017-06-22T15:49:42+08:00 ] /mb_oa/index.php/register/login | DEBUG: Run CheckTemplate Behavior [ RunTime:0.000396s ]
[ 2017-06-22T15:49:42+08:00 ] /mb_oa/index.php/register/login | DEBUG: Tag[ app_begin ] --END-- [ RunTime:0.000422s ]
[ 2017-06-22T15:49:42+08:00 ] /mb_oa/index.php/register/login | NOTIC: [8] Undefined index: password registerAction.class.php 第 100 行.
[ 2017-06-22T15:49:42+08:00 ] /mb_oa/index.php/register/login | NOTIC: [8] Undefined index: passwd registerAction.class.php 第 128 行.
[ 2017-06-22T15:50:07+08:00 ] /mb_oa/index.php/register/login | DEBUG: Tag[ route_check ] --START--
[ 2017-06-22T15:50:07+08:00 ] /mb_oa/index.php/register/login | DEBUG: Run CheckRoute Behavior [ RunTime:0.000262s ]
[ 2017-06-22T15:50:07+08:00 ] /mb_oa/index.php/register/login | DEBUG: Tag[ route_check ] --END-- [ RunTime:0.000287s ]
[ 2017-06-22T15:50:07+08:00 ] /mb_oa/index.php/register/login | NOTIC: [2] preg_replace(): The /e modifier is no longer supported, use preg_replace_callback instead Dispatcher.class.php 第 111 行.
[ 2017-06-22T15:50:07+08:00 ] /mb_oa/index.php/register/login | DEBUG: Tag[ app_begin ] --START--
[ 2017-06-22T15:50:07+08:00 ] /mb_oa/index.php/register/login | DEBUG: Run CheckTemplate Behavior [ RunTime:0.000125s ]
[ 2017-06-22T15:50:07+08:00 ] /mb_oa/index.php/register/login | DEBUG: Tag[ app_begin ] --END-- [ RunTime:0.000137s ]
[ 2017-06-22T15:50:07+08:00 ] /mb_oa/index.php/register/login | NOTIC: [8] Undefined index: password registerAction.class.php 第 100 行.
[ 2017-06-22T15:50:07+08:00 ] /mb_oa/index.php/register/login | NOTIC: [8] Undefined index: passwd registerAction.class.php 第 128 行.
[ 2017-06-22T15:50:37+08:00 ] /mb_oa/index.php/register/login | DEBUG: Tag[ route_check ] --START--
[ 2017-06-22T15:50:37+08:00 ] /mb_oa/index.php/register/login | DEBUG: Run CheckRoute Behavior [ RunTime:0.000247s ]
[ 2017-06-22T15:50:37+08:00 ] /mb_oa/index.php/register/login | DEBUG: Tag[ route_check ] --END-- [ RunTime:0.000271s ]
[ 2017-06-22T15:50:37+08:00 ] /mb_oa/index.php/register/login | NOTIC: [2] preg_replace(): The /e modifier is no longer supported, use preg_replace_callback instead Dispatcher.class.php 第 111 行.
[ 2017-06-22T15:50:37+08:00 ] /mb_oa/index.php/register/login | DEBUG: Tag[ app_begin ] --START--
[ 2017-06-22T15:50:37+08:00 ] /mb_oa/index.php/register/login | DEBUG: Run CheckTemplate Behavior [ RunTime:0.000120s ]
[ 2017-06-22T15:50:37+08:00 ] /mb_oa/index.php/register/login | DEBUG: Tag[ app_begin ] --END-- [ RunTime:0.000133s ]
[ 2017-06-22T15:50:37+08:00 ] /mb_oa/index.php/register/login | NOTIC: [8] Undefined index: password registerAction.class.php 第 100 行.
[ 2017-06-22T15:50:37+08:00 ] /mb_oa/index.php/register/login | NOTIC: [8] Undefined index: passwd registerAction.class.php 第 128 行.
[ 2017-06-22T15:51:25+08:00 ] /mb_oa/index.php/register/login | DEBUG: Tag[ route_check ] --START--
[ 2017-06-22T15:51:25+08:00 ] /mb_oa/index.php/register/login | DEBUG: Run CheckRoute Behavior [ RunTime:0.000500s ]
[ 2017-06-22T15:51:25+08:00 ] /mb_oa/index.php/register/login | DEBUG: Tag[ route_check ] --END-- [ RunTime:0.000534s ]
[ 2017-06-22T15:51:25+08:00 ] /mb_oa/index.php/register/login | NOTIC: [2] preg_replace(): The /e modifier is no longer supported, use preg_replace_callback instead Dispatcher.class.php 第 111 行.
[ 2017-06-22T15:51:25+08:00 ] /mb_oa/index.php/register/login | DEBUG: Tag[ app_begin ] --START--
[ 2017-06-22T15:51:25+08:00 ] /mb_oa/index.php/register/login | DEBUG: Run CheckTemplate Behavior [ RunTime:0.000358s ]
[ 2017-06-22T15:51:25+08:00 ] /mb_oa/index.php/register/login | DEBUG: Tag[ app_begin ] --END-- [ RunTime:0.000381s ]
[ 2017-06-22T15:51:25+08:00 ] /mb_oa/index.php/register/login | NOTIC: [8] Undefined index: passwd registerAction.class.php 第 128 行.
[ 2017-06-22T15:52:55+08:00 ] /mb_oa/index.php/register/login | DEBUG: Tag[ route_check ] --START--
[ 2017-06-22T15:52:55+08:00 ] /mb_oa/index.php/register/login | DEBUG: Run CheckRoute Behavior [ RunTime:0.000487s ]
[ 2017-06-22T15:52:55+08:00 ] /mb_oa/index.php/register/login | DEBUG: Tag[ route_check ] --END-- [ RunTime:0.000519s ]
[ 2017-06-22T15:52:55+08:00 ] /mb_oa/index.php/register/login | NOTIC: [2] preg_replace(): The /e modifier is no longer supported, use preg_replace_callback instead Dispatcher.class.php 第 111 行.
[ 2017-06-22T15:52:55+08:00 ] /mb_oa/index.php/register/login | DEBUG: Tag[ app_begin ] --START--
[ 2017-06-22T15:52:55+08:00 ] /mb_oa/index.php/register/login | DEBUG: Run CheckTemplate Behavior [ RunTime:0.000377s ]
[ 2017-06-22T15:52:55+08:00 ] /mb_oa/index.php/register/login | DEBUG: Tag[ app_begin ] --END-- [ RunTime:0.000419s ]
[ 2017-06-22T15:52:58+08:00 ] /mb_oa/index.php/register/login | NOTIC: [8] Undefined index: passwd registerAction.class.php 第 130 行.
[ 2017-06-22T15:52:58+08:00 ] /mb_oa/index.php/register/login | NOTIC: [8] Undefined index: passwd registerAction.class.php 第 131 行.
[ 2017-06-22T15:53:53+08:00 ] /mb_oa/index.php/register/login | DEBUG: Tag[ route_check ] --START--
[ 2017-06-22T15:53:53+08:00 ] /mb_oa/index.php/register/login | DEBUG: Run CheckRoute Behavior [ RunTime:0.000504s ]
[ 2017-06-22T15:53:53+08:00 ] /mb_oa/index.php/register/login | DEBUG: Tag[ route_check ] --END-- [ RunTime:0.000536s ]
[ 2017-06-22T15:53:53+08:00 ] /mb_oa/index.php/register/login | NOTIC: [2] preg_replace(): The /e modifier is no longer supported, use preg_replace_callback instead Dispatcher.class.php 第 111 行.
[ 2017-06-22T15:53:53+08:00 ] /mb_oa/index.php/register/login | DEBUG: Tag[ app_begin ] --START--
[ 2017-06-22T15:53:53+08:00 ] /mb_oa/index.php/register/login | DEBUG: Run CheckTemplate Behavior [ RunTime:0.000364s ]
[ 2017-06-22T15:53:53+08:00 ] /mb_oa/index.php/register/login | DEBUG: Tag[ app_begin ] --END-- [ RunTime:0.000381s ]
[ 2017-06-22T15:53:57+08:00 ] /mb_oa/index.php/register/login | NOTIC: [8] Undefined index: passwd registerAction.class.php 第 130 行.
[ 2017-06-22T15:53:57+08:00 ] /mb_oa/index.php/register/login | NOTIC: [8] Undefined index: passwd registerAction.class.php 第 131 行.
[ 2017-06-22T15:55:00+08:00 ] /mb_oa/index.php/register/login | DEBUG: Tag[ route_check ] --START--
[ 2017-06-22T15:55:00+08:00 ] /mb_oa/index.php/register/login | DEBUG: Run CheckRoute Behavior [ RunTime:0.000636s ]
[ 2017-06-22T15:55:00+08:00 ] /mb_oa/index.php/register/login | DEBUG: Tag[ route_check ] --END-- [ RunTime:0.000687s ]
[ 2017-06-22T15:55:00+08:00 ] /mb_oa/index.php/register/login | NOTIC: [2] preg_replace(): The /e modifier is no longer supported, use preg_replace_callback instead Dispatcher.class.php 第 111 行.
[ 2017-06-22T15:55:00+08:00 ] /mb_oa/index.php/register/login | DEBUG: Tag[ app_begin ] --START--
[ 2017-06-22T15:55:00+08:00 ] /mb_oa/index.php/register/login | DEBUG: Run CheckTemplate Behavior [ RunTime:0.000301s ]
[ 2017-06-22T15:55:00+08:00 ] /mb_oa/index.php/register/login | DEBUG: Tag[ app_begin ] --END-- [ RunTime:0.000321s ]
[ 2017-06-22T15:55:00+08:00 ] /mb_oa/index.php/register/login | NOTIC: [8] Undefined index: passwd registerAction.class.php 第 130 行.
[ 2017-06-22T15:55:00+08:00 ] /mb_oa/index.php/register/login | NOTIC: [8] Undefined index: passwd registerAction.class.php 第 133 行.
[ 2017-06-22T15:56:37+08:00 ] /mb_oa/index.php/register/login | DEBUG: Tag[ route_check ] --START--
[ 2017-06-22T15:56:37+08:00 ] /mb_oa/index.php/register/login | DEBUG: Run CheckRoute Behavior [ RunTime:0.001049s ]
[ 2017-06-22T15:56:37+08:00 ] /mb_oa/index.php/register/login | DEBUG: Tag[ route_check ] --END-- [ RunTime:0.001103s ]
[ 2017-06-22T15:56:37+08:00 ] /mb_oa/index.php/register/login | NOTIC: [2] preg_replace(): The /e modifier is no longer supported, use preg_replace_callback instead Dispatcher.class.php 第 111 行.
[ 2017-06-22T15:56:37+08:00 ] /mb_oa/index.php/register/login | DEBUG: Tag[ app_begin ] --START--
[ 2017-06-22T15:56:37+08:00 ] /mb_oa/index.php/register/login | DEBUG: Run CheckTemplate Behavior [ RunTime:0.000784s ]
[ 2017-06-22T15:56:37+08:00 ] /mb_oa/index.php/register/login | DEBUG: Tag[ app_begin ] --END-- [ RunTime:0.000812s ]
[ 2017-06-22T15:56:44+08:00 ] /mb_oa/index.php/register/login | DEBUG: Tag[ route_check ] --START--
[ 2017-06-22T15:56:44+08:00 ] /mb_oa/index.php/register/login | DEBUG: Run CheckRoute Behavior [ RunTime:0.000251s ]
[ 2017-06-22T15:56:44+08:00 ] /mb_oa/index.php/register/login | DEBUG: Tag[ route_check ] --END-- [ RunTime:0.000277s ]
[ 2017-06-22T15:56:44+08:00 ] /mb_oa/index.php/register/login | NOTIC: [2] preg_replace(): The /e modifier is no longer supported, use preg_replace_callback instead Dispatcher.class.php 第 111 行.
[ 2017-06-22T15:56:44+08:00 ] /mb_oa/index.php/register/login | DEBUG: Tag[ app_begin ] --START--
[ 2017-06-22T15:56:44+08:00 ] /mb_oa/index.php/register/login | DEBUG: Run CheckTemplate Behavior [ RunTime:0.000120s ]
[ 2017-06-22T15:56:44+08:00 ] /mb_oa/index.php/register/login | DEBUG: Tag[ app_begin ] --END-- [ RunTime:0.000134s ]
[ 2017-06-22T15:59:29+08:00 ] /mb_oa/index.php/register/sendMessage | DEBUG: Tag[ route_check ] --START--
[ 2017-06-22T15:59:29+08:00 ] /mb_oa/index.php/register/sendMessage | DEBUG: Run CheckRoute Behavior [ RunTime:0.000731s ]
[ 2017-06-22T15:59:29+08:00 ] /mb_oa/index.php/register/sendMessage | DEBUG: Tag[ route_check ] --END-- [ RunTime:0.000786s ]
[ 2017-06-22T15:59:29+08:00 ] /mb_oa/index.php/register/sendMessage | NOTIC: [2] preg_replace(): The /e modifier is no longer supported, use preg_replace_callback instead Dispatcher.class.php 第 111 行.
[ 2017-06-22T15:59:29+08:00 ] /mb_oa/index.php/register/sendMessage | DEBUG: Tag[ app_begin ] --START--
[ 2017-06-22T15:59:29+08:00 ] /mb_oa/index.php/register/sendMessage | DEBUG: Run CheckTemplate Behavior [ RunTime:0.000628s ]
[ 2017-06-22T15:59:29+08:00 ] /mb_oa/index.php/register/sendMessage | DEBUG: Tag[ app_begin ] --END-- [ RunTime:0.000650s ]
[ 2017-06-22T15:59:30+08:00 ] /mb_oa/index.php/register/sendMessage | NOTIC: [8] A session had already been started - ignoring session_start() registerAction.class.php 第 44 行.
[ 2017-06-22T15:59:30+08:00 ] /mb_oa/index.php/register/sendMessage | NOTIC: [8] Use of undefined constant mobile - assumed 'mobile' registerAction.class.php 第 45 行.
[ 2017-06-22T15:59:41+08:00 ] /mb_oa/index.php/register/login | DEBUG: Tag[ route_check ] --START--
[ 2017-06-22T15:59:41+08:00 ] /mb_oa/index.php/register/login | DEBUG: Run CheckRoute Behavior [ RunTime:0.000248s ]
[ 2017-06-22T15:59:41+08:00 ] /mb_oa/index.php/register/login | DEBUG: Tag[ route_check ] --END-- [ RunTime:0.000273s ]
[ 2017-06-22T15:59:41+08:00 ] /mb_oa/index.php/register/login | NOTIC: [2] preg_replace(): The /e modifier is no longer supported, use preg_replace_callback instead Dispatcher.class.php 第 111 行.
[ 2017-06-22T15:59:41+08:00 ] /mb_oa/index.php/register/login | DEBUG: Tag[ app_begin ] --START--
[ 2017-06-22T15:59:41+08:00 ] /mb_oa/index.php/register/login | DEBUG: Run CheckTemplate Behavior [ RunTime:0.000129s ]
[ 2017-06-22T15:59:41+08:00 ] /mb_oa/index.php/register/login | DEBUG: Tag[ app_begin ] --END-- [ RunTime:0.000142s ]
[ 2017-06-22T15:59:42+08:00 ] /mb_oa/index.php/register/login | NOTIC: [8] Undefined offset: 15692162001 registerAction.class.php 第 106 行.
[ 2017-06-22T15:59:42+08:00 ] /mb_oa/index.php/register/login | NOTIC: [8] Use of undefined constant identity - assumed 'identity' registerAction.class.php 第 107 行.
[ 2017-06-22T16:00:10+08:00 ] /mb_oa/index.php/register/login | DEBUG: Tag[ route_check ] --START--
[ 2017-06-22T16:00:10+08:00 ] /mb_oa/index.php/register/login | DEBUG: Run CheckRoute Behavior [ RunTime:0.000460s ]
[ 2017-06-22T16:00:10+08:00 ] /mb_oa/index.php/register/login | DEBUG: Tag[ route_check ] --END-- [ RunTime:0.000514s ]
[ 2017-06-22T16:00:10+08:00 ] /mb_oa/index.php/register/login | NOTIC: [2] preg_replace(): The /e modifier is no longer supported, use preg_replace_callback instead Dispatcher.class.php 第 111 行.
[ 2017-06-22T16:00:10+08:00 ] /mb_oa/index.php/register/login | DEBUG: Tag[ app_begin ] --START--
[ 2017-06-22T16:00:10+08:00 ] /mb_oa/index.php/register/login | DEBUG: Run CheckTemplate Behavior [ RunTime:0.000317s ]
[ 2017-06-22T16:00:10+08:00 ] /mb_oa/index.php/register/login | DEBUG: Tag[ app_begin ] --END-- [ RunTime:0.000337s ]
[ 2017-06-22T16:00:15+08:00 ] /mb_oa/index.php/register/login | NOTIC: [8] Undefined offset: 15692162001 registerAction.class.php 第 106 行.
[ 2017-06-22T16:00:15+08:00 ] /mb_oa/index.php/register/login | NOTIC: [8] Use of undefined constant identity - assumed 'identity' registerAction.class.php 第 107 行.
[ 2017-06-22T16:02:18+08:00 ] /mb_oa/index.php/register/login | DEBUG: Tag[ route_check ] --START--
[ 2017-06-22T16:02:18+08:00 ] /mb_oa/index.php/register/login | DEBUG: Run CheckRoute Behavior [ RunTime:0.000247s ]
[ 2017-06-22T16:02:18+08:00 ] /mb_oa/index.php/register/login | DEBUG: Tag[ route_check ] --END-- [ RunTime:0.000271s ]
[ 2017-06-22T16:02:18+08:00 ] /mb_oa/index.php/register/login | NOTIC: [2] preg_replace(): The /e modifier is no longer supported, use preg_replace_callback instead Dispatcher.class.php 第 111 行.
[ 2017-06-22T16:02:18+08:00 ] /mb_oa/index.php/register/login | DEBUG: Tag[ app_begin ] --START--
[ 2017-06-22T16:02:18+08:00 ] /mb_oa/index.php/register/login | DEBUG: Run CheckTemplate Behavior [ RunTime:0.000119s ]
[ 2017-06-22T16:02:18+08:00 ] /mb_oa/index.php/register/login | DEBUG: Tag[ app_begin ] --END-- [ RunTime:0.000132s ]
[ 2017-06-22T16:02:20+08:00 ] /mb_oa/index.php/register/login | NOTIC: [8] Undefined offset: 15692162001 registerAction.class.php 第 106 行.
[ 2017-06-22T16:02:20+08:00 ] /mb_oa/index.php/register/login | NOTIC: [8] Use of undefined constant identity - assumed 'identity' registerAction.class.php 第 110 行.
[ 2017-06-22T16:03:11+08:00 ] /mb_oa/index.php/register/sendMessage | DEBUG: Tag[ route_check ] --START--
[ 2017-06-22T16:03:11+08:00 ] /mb_oa/index.php/register/sendMessage | DEBUG: Run CheckRoute Behavior [ RunTime:0.000246s ]
[ 2017-06-22T16:03:11+08:00 ] /mb_oa/index.php/register/sendMessage | DEBUG: Tag[ route_check ] --END-- [ RunTime:0.000271s ]
[ 2017-06-22T16:03:11+08:00 ] /mb_oa/index.php/register/sendMessage | NOTIC: [2] preg_replace(): The /e modifier is no longer supported, use preg_replace_callback instead Dispatcher.class.php 第 111 行.
[ 2017-06-22T16:03:11+08:00 ] /mb_oa/index.php/register/sendMessage | DEBUG: Tag[ app_begin ] --START--
[ 2017-06-22T16:03:11+08:00 ] /mb_oa/index.php/register/sendMessage | DEBUG: Run CheckTemplate Behavior [ RunTime:0.000119s ]
[ 2017-06-22T16:03:11+08:00 ] /mb_oa/index.php/register/sendMessage | DEBUG: Tag[ app_begin ] --END-- [ RunTime:0.000132s ]
[ 2017-06-22T16:03:12+08:00 ] /mb_oa/index.php/register/sendMessage | NOTIC: [8] A session had already been started - ignoring session_start() registerAction.class.php 第 44 行.
[ 2017-06-22T16:03:44+08:00 ] /mb_oa/index.php/register/login | DEBUG: Tag[ route_check ] --START--
[ 2017-06-22T16:03:44+08:00 ] /mb_oa/index.php/register/login | DEBUG: Run CheckRoute Behavior [ RunTime:0.000285s ]
[ 2017-06-22T16:03:44+08:00 ] /mb_oa/index.php/register/login | DEBUG: Tag[ route_check ] --END-- [ RunTime:0.000317s ]
[ 2017-06-22T16:03:44+08:00 ] /mb_oa/index.php/register/login | NOTIC: [2] preg_replace(): The /e modifier is no longer supported, use preg_replace_callback instead Dispatcher.class.php 第 111 行.
[ 2017-06-22T16:03:44+08:00 ] /mb_oa/index.php/register/login | DEBUG: Tag[ app_begin ] --START--
[ 2017-06-22T16:03:44+08:00 ] /mb_oa/index.php/register/login | DEBUG: Run CheckTemplate Behavior [ RunTime:0.000136s ]
[ 2017-06-22T16:03:44+08:00 ] /mb_oa/index.php/register/login | DEBUG: Tag[ app_begin ] --END-- [ RunTime:0.000149s ]
[ 2017-06-22T16:03:44+08:00 ] /mb_oa/index.php/register/login | NOTIC: [8] Undefined offset: 13683787606 registerAction.class.php 第 106 行.
[ 2017-06-22T16:03:44+08:00 ] /mb_oa/index.php/register/login | NOTIC: [8] Use of undefined constant identity - assumed 'identity' registerAction.class.php 第 110 行.
[ 2017-06-22T16:04:10+08:00 ] /mb_oa/index.php/register/login | DEBUG: Tag[ route_check ] --START--
[ 2017-06-22T16:04:10+08:00 ] /mb_oa/index.php/register/login | DEBUG: Run CheckRoute Behavior [ RunTime:0.000475s ]
[ 2017-06-22T16:04:10+08:00 ] /mb_oa/index.php/register/login | DEBUG: Tag[ route_check ] --END-- [ RunTime:0.000505s ]
[ 2017-06-22T16:04:10+08:00 ] /mb_oa/index.php/register/login | NOTIC: [2] preg_replace(): The /e modifier is no longer supported, use preg_replace_callback instead Dispatcher.class.php 第 111 行.
[ 2017-06-22T16:04:10+08:00 ] /mb_oa/index.php/register/login | DEBUG: Tag[ app_begin ] --START--
[ 2017-06-22T16:04:10+08:00 ] /mb_oa/index.php/register/login | DEBUG: Run CheckTemplate Behavior [ RunTime:0.000494s ]
[ 2017-06-22T16:04:10+08:00 ] /mb_oa/index.php/register/login | DEBUG: Tag[ app_begin ] --END-- [ RunTime:0.000525s ]
[ 2017-06-22T16:04:10+08:00 ] /mb_oa/index.php/register/login | NOTIC: [8] Undefined offset: 13683787606 registerAction.class.php 第 106 行.
[ 2017-06-22T16:04:10+08:00 ] /mb_oa/index.php/register/login | NOTIC: [8] Use of undefined constant identity - assumed 'identity' registerAction.class.php 第 110 行.
[ 2017-06-22T16:06:36+08:00 ] /mb_oa/index.php/register/login | DEBUG: Tag[ route_check ] --START--
[ 2017-06-22T16:06:36+08:00 ] /mb_oa/index.php/register/login | DEBUG: Run CheckRoute Behavior [ RunTime:0.000666s ]
[ 2017-06-22T16:06:36+08:00 ] /mb_oa/index.php/register/login | DEBUG: Tag[ route_check ] --END-- [ RunTime:0.000726s ]
[ 2017-06-22T16:06:36+08:00 ] /mb_oa/index.php/register/login | NOTIC: [2] preg_replace(): The /e modifier is no longer supported, use preg_replace_callback instead Dispatcher.class.php 第 111 行.
[ 2017-06-22T16:06:36+08:00 ] /mb_oa/index.php/register/login | DEBUG: Tag[ app_begin ] --START--
[ 2017-06-22T16:06:36+08:00 ] /mb_oa/index.php/register/login | DEBUG: Run CheckTemplate Behavior [ RunTime:0.000203s ]
[ 2017-06-22T16:06:36+08:00 ] /mb_oa/index.php/register/login | DEBUG: Tag[ app_begin ] --END-- [ RunTime:0.000221s ]
[ 2017-06-22T16:06:36+08:00 ] /mb_oa/index.php/register/login | NOTIC: [8] Undefined offset: 0 registerAction.class.php 第 106 行.
[ 2017-06-22T16:06:36+08:00 ] /mb_oa/index.php/register/login | NOTIC: [8] Use of undefined constant identity - assumed 'identity' registerAction.class.php 第 110 行.
[ 2017-06-22T16:07:09+08:00 ] /mb_oa/index.php/register/login | DEBUG: Tag[ route_check ] --START--
[ 2017-06-22T16:07:09+08:00 ] /mb_oa/index.php/register/login | DEBUG: Run CheckRoute Behavior [ RunTime:0.000395s ]
[ 2017-06-22T16:07:09+08:00 ] /mb_oa/index.php/register/login | DEBUG: Tag[ route_check ] --END-- [ RunTime:0.000431s ]
[ 2017-06-22T16:07:09+08:00 ] /mb_oa/index.php/register/login | NOTIC: [2] preg_replace(): The /e modifier is no longer supported, use preg_replace_callback instead Dispatcher.class.php 第 111 行.
[ 2017-06-22T16:07:09+08:00 ] /mb_oa/index.php/register/login | DEBUG: Tag[ app_begin ] --START--
[ 2017-06-22T16:07:09+08:00 ] /mb_oa/index.php/register/login | DEBUG: Run CheckTemplate Behavior [ RunTime:0.000308s ]
[ 2017-06-22T16:07:09+08:00 ] /mb_oa/index.php/register/login | DEBUG: Tag[ app_begin ] --END-- [ RunTime:0.000454s ]
[ 2017-06-22T16:07:09+08:00 ] /mb_oa/index.php/register/login | NOTIC: [8] Undefined offset: 13683787606 registerAction.class.php 第 106 行.
[ 2017-06-22T16:07:09+08:00 ] /mb_oa/index.php/register/login | NOTIC: [8] Use of undefined constant identity - assumed 'identity' registerAction.class.php 第 110 行.
[ 2017-06-22T16:07:23+08:00 ] /mb_oa/index.php/register/login | DEBUG: Tag[ route_check ] --START--
[ 2017-06-22T16:07:23+08:00 ] /mb_oa/index.php/register/login | DEBUG: Run CheckRoute Behavior [ RunTime:0.000434s ]
[ 2017-06-22T16:07:23+08:00 ] /mb_oa/index.php/register/login | DEBUG: Tag[ route_check ] --END-- [ RunTime:0.000462s ]
[ 2017-06-22T16:07:23+08:00 ] /mb_oa/index.php/register/login | NOTIC: [2] preg_replace(): The /e modifier is no longer supported, use preg_replace_callback instead Dispatcher.class.php 第 111 行.
[ 2017-06-22T16:07:23+08:00 ] /mb_oa/index.php/register/login | DEBUG: Tag[ app_begin ] --START--
[ 2017-06-22T16:07:23+08:00 ] /mb_oa/index.php/register/login | DEBUG: Run CheckTemplate Behavior [ RunTime:0.000144s ]
[ 2017-06-22T16:07:23+08:00 ] /mb_oa/index.php/register/login | DEBUG: Tag[ app_begin ] --END-- [ RunTime:0.000158s ]
[ 2017-06-22T16:07:23+08:00 ] /mb_oa/index.php/register/login | NOTIC: [8] Undefined offset: 13683787606 registerAction.class.php 第 106 行.
[ 2017-06-22T16:07:23+08:00 ] /mb_oa/index.php/register/login | NOTIC: [8] Use of undefined constant identity - assumed 'identity' registerAction.class.php 第 110 行.
[ 2017-06-22T16:10:17+08:00 ] /mb_oa/index.php/register/login | DEBUG: Tag[ route_check ] --START--
[ 2017-06-22T16:10:17+08:00 ] /mb_oa/index.php/register/login | DEBUG: Run CheckRoute Behavior [ RunTime:0.000248s ]
[ 2017-06-22T16:10:17+08:00 ] /mb_oa/index.php/register/login | DEBUG: Tag[ route_check ] --END-- [ RunTime:0.000273s ]
[ 2017-06-22T16:10:17+08:00 ] /mb_oa/index.php/register/login | NOTIC: [2] preg_replace(): The /e modifier is no longer supported, use preg_replace_callback instead Dispatcher.class.php 第 111 行.
[ 2017-06-22T16:10:17+08:00 ] /mb_oa/index.php/register/login | DEBUG: Tag[ app_begin ] --START--
[ 2017-06-22T16:10:17+08:00 ] /mb_oa/index.php/register/login | DEBUG: Run CheckTemplate Behavior [ RunTime:0.000142s ]
[ 2017-06-22T16:10:17+08:00 ] /mb_oa/index.php/register/login | DEBUG: Tag[ app_begin ] --END-- [ RunTime:0.000157s ]
[ 2017-06-22T16:12:39+08:00 ] /mb_oa/index.php/register/login | DEBUG: Tag[ route_check ] --START--
[ 2017-06-22T16:12:39+08:00 ] /mb_oa/index.php/register/login | DEBUG: Run CheckRoute Behavior [ RunTime:0.000263s ]
[ 2017-06-22T16:12:39+08:00 ] /mb_oa/index.php/register/login | DEBUG: Tag[ route_check ] --END-- [ RunTime:0.000292s ]
[ 2017-06-22T16:12:39+08:00 ] /mb_oa/index.php/register/login | NOTIC: [2] preg_replace(): The /e modifier is no longer supported, use preg_replace_callback instead Dispatcher.class.php 第 111 行.
[ 2017-06-22T16:12:39+08:00 ] /mb_oa/index.php/register/login | DEBUG: Tag[ app_begin ] --START--
[ 2017-06-22T16:12:39+08:00 ] /mb_oa/index.php/register/login | DEBUG: Run CheckTemplate Behavior [ RunTime:0.000126s ]
[ 2017-06-22T16:12:39+08:00 ] /mb_oa/index.php/register/login | DEBUG: Tag[ app_begin ] --END-- [ RunTime:0.000140s ]
[ 2017-06-22T16:17:07+08:00 ] /mb_oa/index.php/register/sendMessage | DEBUG: Tag[ route_check ] --START--
[ 2017-06-22T16:17:07+08:00 ] /mb_oa/index.php/register/sendMessage | DEBUG: Run CheckRoute Behavior [ RunTime:0.000315s ]
[ 2017-06-22T16:17:07+08:00 ] /mb_oa/index.php/register/sendMessage | DEBUG: Tag[ route_check ] --END-- [ RunTime:0.000360s ]
[ 2017-06-22T16:17:07+08:00 ] /mb_oa/index.php/register/sendMessage | NOTIC: [2] preg_replace(): The /e modifier is no longer supported, use preg_replace_callback instead Dispatcher.class.php 第 111 行.
[ 2017-06-22T16:17:07+08:00 ] /mb_oa/index.php/register/sendMessage | DEBUG: Tag[ app_begin ] --START--
[ 2017-06-22T16:17:07+08:00 ] /mb_oa/index.php/register/sendMessage | DEBUG: Run CheckTemplate Behavior [ RunTime:0.000130s ]
[ 2017-06-22T16:17:07+08:00 ] /mb_oa/index.php/register/sendMessage | DEBUG: Tag[ app_begin ] --END-- [ RunTime:0.000143s ]
[ 2017-06-22T16:17:08+08:00 ] /mb_oa/index.php/register/sendMessage | NOTIC: [8] A session had already been started - ignoring session_start() registerAction.class.php 第 44 行.
[ 2017-06-22T16:17:32+08:00 ] /mb_oa/index.php/register/login | DEBUG: Tag[ route_check ] --START--
[ 2017-06-22T16:17:32+08:00 ] /mb_oa/index.php/register/login | DEBUG: Run CheckRoute Behavior [ RunTime:0.000457s ]
[ 2017-06-22T16:17:32+08:00 ] /mb_oa/index.php/register/login | DEBUG: Tag[ route_check ] --END-- [ RunTime:0.000512s ]
[ 2017-06-22T16:17:32+08:00 ] /mb_oa/index.php/register/login | NOTIC: [2] preg_replace(): The /e modifier is no longer supported, use preg_replace_callback instead Dispatcher.class.php 第 111 行.
[ 2017-06-22T16:17:32+08:00 ] /mb_oa/index.php/register/login | DEBUG: Tag[ app_begin ] --START--
[ 2017-06-22T16:17:32+08:00 ] /mb_oa/index.php/register/login | DEBUG: Run CheckTemplate Behavior [ RunTime:0.000140s ]
[ 2017-06-22T16:17:32+08:00 ] /mb_oa/index.php/register/login | DEBUG: Tag[ app_begin ] --END-- [ RunTime:0.000153s ]
[ 2017-06-22T16:17:33+08:00 ] /mb_oa/index.php/register/login | NOTIC: [8] Undefined offset: 15692162001 registerAction.class.php 第 107 行.
[ 2017-06-22T16:17:33+08:00 ] /mb_oa/index.php/register/login | NOTIC: [8] Use of undefined constant identity - assumed 'identity' registerAction.class.php 第 111 行.
[ 2017-06-22T16:19:41+08:00 ] /mb_oa/index.php/register/sendMessage | DEBUG: Tag[ route_check ] --START--
[ 2017-06-22T16:19:41+08:00 ] /mb_oa/index.php/register/sendMessage | DEBUG: Run CheckRoute Behavior [ RunTime:0.000556s ]
[ 2017-06-22T16:19:41+08:00 ] /mb_oa/index.php/register/sendMessage | DEBUG: Tag[ route_check ] --END-- [ RunTime:0.000589s ]
[ 2017-06-22T16:19:41+08:00 ] /mb_oa/index.php/register/sendMessage | NOTIC: [2] preg_replace(): The /e modifier is no longer supported, use preg_replace_callback instead Dispatcher.class.php 第 111 行.
[ 2017-06-22T16:19:41+08:00 ] /mb_oa/index.php/register/sendMessage | DEBUG: Tag[ app_begin ] --START--
[ 2017-06-22T16:19:41+08:00 ] /mb_oa/index.php/register/sendMessage | DEBUG: Run CheckTemplate Behavior [ RunTime:0.000215s ]
[ 2017-06-22T16:19:41+08:00 ] /mb_oa/index.php/register/sendMessage | DEBUG: Tag[ app_begin ] --END-- [ RunTime:0.000233s ]
[ 2017-06-22T16:19:41+08:00 ] /mb_oa/index.php/register/sendMessage | NOTIC: [8] A session had already been started - ignoring session_start() registerAction.class.php 第 44 行.
[ 2017-06-22T16:24:06+08:00 ] /mb_oa/index.php/register/login | DEBUG: Tag[ route_check ] --START--
[ 2017-06-22T16:24:06+08:00 ] /mb_oa/index.php/register/login | DEBUG: Run CheckRoute Behavior [ RunTime:0.000642s ]
[ 2017-06-22T16:24:06+08:00 ] /mb_oa/index.php/register/login | DEBUG: Tag[ route_check ] --END-- [ RunTime:0.000694s ]
[ 2017-06-22T16:24:06+08:00 ] /mb_oa/index.php/register/login | NOTIC: [2] preg_replace(): The /e modifier is no longer supported, use preg_replace_callback instead Dispatcher.class.php 第 111 行.
[ 2017-06-22T16:24:06+08:00 ] /mb_oa/index.php/register/login | DEBUG: Tag[ app_begin ] --START--
[ 2017-06-22T16:24:06+08:00 ] /mb_oa/index.php/register/login | DEBUG: Run CheckTemplate Behavior [ RunTime:0.000473s ]
[ 2017-06-22T16:24:06+08:00 ] /mb_oa/index.php/register/login | DEBUG: Tag[ app_begin ] --END-- [ RunTime:0.000505s ]
[ 2017-06-22T16:25:19+08:00 ] /mb_oa/index.php/register/sendMessage | DEBUG: Tag[ route_check ] --START--
[ 2017-06-22T16:25:19+08:00 ] /mb_oa/index.php/register/sendMessage | DEBUG: Run CheckRoute Behavior [ RunTime:0.000982s ]
[ 2017-06-22T16:25:19+08:00 ] /mb_oa/index.php/register/sendMessage | DEBUG: Tag[ route_check ] --END-- [ RunTime:0.001125s ]
[ 2017-06-22T16:25:19+08:00 ] /mb_oa/index.php/register/sendMessage | NOTIC: [2] preg_replace(): The /e modifier is no longer supported, use preg_replace_callback instead Dispatcher.class.php 第 111 行.
[ 2017-06-22T16:25:19+08:00 ] /mb_oa/index.php/register/sendMessage | DEBUG: Tag[ app_begin ] --START--
[ 2017-06-22T16:25:19+08:00 ] /mb_oa/index.php/register/sendMessage | DEBUG: Run CheckTemplate Behavior [ RunTime:0.000711s ]
[ 2017-06-22T16:25:19+08:00 ] /mb_oa/index.php/register/sendMessage | DEBUG: Tag[ app_begin ] --END-- [ RunTime:0.000745s ]
[ 2017-06-22T16:25:20+08:00 ] /mb_oa/index.php/register/sendMessage | NOTIC: [8] A session had already been started - ignoring session_start() registerAction.class.php 第 44 行.
[ 2017-06-22T16:26:19+08:00 ] /mb_oa/index.php/register/login | DEBUG: Tag[ route_check ] --START--
[ 2017-06-22T16:26:19+08:00 ] /mb_oa/index.php/register/login | DEBUG: Run CheckRoute Behavior [ RunTime:0.000611s ]
[ 2017-06-22T16:26:19+08:00 ] /mb_oa/index.php/register/login | DEBUG: Tag[ route_check ] --END-- [ RunTime:0.000665s ]
[ 2017-06-22T16:26:19+08:00 ] /mb_oa/index.php/register/login | NOTIC: [2] preg_replace(): The /e modifier is no longer supported, use preg_replace_callback instead Dispatcher.class.php 第 111 行.
[ 2017-06-22T16:26:19+08:00 ] /mb_oa/index.php/register/login | DEBUG: Tag[ app_begin ] --START--
[ 2017-06-22T16:26:19+08:00 ] /mb_oa/index.php/register/login | DEBUG: Run CheckTemplate Behavior [ RunTime:0.000363s ]
[ 2017-06-22T16:26:19+08:00 ] /mb_oa/index.php/register/login | DEBUG: Tag[ app_begin ] --END-- [ RunTime:0.000385s ]
[ 2017-06-22T16:28:19+08:00 ] /mb_oa/index.php/register/sendMessage | DEBUG: Tag[ route_check ] --START--
[ 2017-06-22T16:28:19+08:00 ] /mb_oa/index.php/register/sendMessage | DEBUG: Run CheckRoute Behavior [ RunTime:0.000885s ]
[ 2017-06-22T16:28:19+08:00 ] /mb_oa/index.php/register/sendMessage | DEBUG: Tag[ route_check ] --END-- [ RunTime:0.000968s ]
[ 2017-06-22T16:28:19+08:00 ] /mb_oa/index.php/register/sendMessage | NOTIC: [2] preg_replace(): The /e modifier is no longer supported, use preg_replace_callback instead Dispatcher.class.php 第 111 行.
[ 2017-06-22T16:28:19+08:00 ] /mb_oa/index.php/register/sendMessage | DEBUG: Tag[ app_begin ] --START--
[ 2017-06-22T16:28:19+08:00 ] /mb_oa/index.php/register/sendMessage | DEBUG: Run CheckTemplate Behavior [ RunTime:0.000578s ]
[ 2017-06-22T16:28:19+08:00 ] /mb_oa/index.php/register/sendMessage | DEBUG: Tag[ app_begin ] --END-- [ RunTime:0.000600s ]
[ 2017-06-22T16:28:19+08:00 ] /mb_oa/index.php/register/sendMessage | NOTIC: [8] A session had already been started - ignoring session_start() registerAction.class.php 第 44 行.
[ 2017-06-22T16:28:47+08:00 ] /mb_oa/index.php/register/login | DEBUG: Tag[ route_check ] --START--
[ 2017-06-22T16:28:47+08:00 ] /mb_oa/index.php/register/login | DEBUG: Run CheckRoute Behavior [ RunTime:0.000355s ]
[ 2017-06-22T16:28:47+08:00 ] /mb_oa/index.php/register/login | DEBUG: Tag[ route_check ] --END-- [ RunTime:0.000410s ]
[ 2017-06-22T16:28:47+08:00 ] /mb_oa/index.php/register/login | NOTIC: [2] preg_replace(): The /e modifier is no longer supported, use preg_replace_callback instead Dispatcher.class.php 第 111 行.
[ 2017-06-22T16:28:47+08:00 ] /mb_oa/index.php/register/login | DEBUG: Tag[ app_begin ] --START--
[ 2017-06-22T16:28:47+08:00 ] /mb_oa/index.php/register/login | DEBUG: Run CheckTemplate Behavior [ RunTime:0.000134s ]
[ 2017-06-22T16:28:47+08:00 ] /mb_oa/index.php/register/login | DEBUG: Tag[ app_begin ] --END-- [ RunTime:0.000146s ]
[ 2017-06-22T16:28:48+08:00 ] /mb_oa/index.php/register/login | NOTIC: [8] Undefined offset: 13683787606 registerAction.class.php 第 107 行.
[ 2017-06-22T16:28:48+08:00 ] /mb_oa/index.php/register/login | NOTIC: [8] Use of undefined constant identity - assumed 'identity' registerAction.class.php 第 111 行.
[ 2017-06-22T16:30:19+08:00 ] /mb_oa/index.php/register/login | DEBUG: Tag[ route_check ] --START--
[ 2017-06-22T16:30:19+08:00 ] /mb_oa/index.php/register/login | DEBUG: Run CheckRoute Behavior [ RunTime:0.000760s ]
[ 2017-06-22T16:30:19+08:00 ] /mb_oa/index.php/register/login | DEBUG: Tag[ route_check ] --END-- [ RunTime:0.000830s ]
[ 2017-06-22T16:30:19+08:00 ] /mb_oa/index.php/register/login | NOTIC: [2] preg_replace(): The /e modifier is no longer supported, use preg_replace_callback instead Dispatcher.class.php 第 111 行.
[ 2017-06-22T16:30:19+08:00 ] /mb_oa/index.php/register/login | DEBUG: Tag[ app_begin ] --START--
[ 2017-06-22T16:30:19+08:00 ] /mb_oa/index.php/register/login | DEBUG: Run CheckTemplate Behavior [ RunTime:0.000419s ]
[ 2017-06-22T16:30:19+08:00 ] /mb_oa/index.php/register/login | DEBUG: Tag[ app_begin ] --END-- [ RunTime:0.000438s ]
[ 2017-06-22T16:30:20+08:00 ] /mb_oa/index.php/register/login | NOTIC: [8] Undefined offset: 13683787606 registerAction.class.php 第 107 行.
[ 2017-06-22T16:30:20+08:00 ] /mb_oa/index.php/register/login | NOTIC: [8] Use of undefined constant identity - assumed 'identity' registerAction.class.php 第 113 行.
[ 2017-06-22T16:33:32+08:00 ] /mb_oa/index.php/register/login | DEBUG: Tag[ route_check ] --START--
[ 2017-06-22T16:33:32+08:00 ] /mb_oa/index.php/register/login | DEBUG: Run CheckRoute Behavior [ RunTime:0.000248s ]
[ 2017-06-22T16:33:32+08:00 ] /mb_oa/index.php/register/login | DEBUG: Tag[ route_check ] --END-- [ RunTime:0.000274s ]
[ 2017-06-22T16:33:32+08:00 ] /mb_oa/index.php/register/login | NOTIC: [2] preg_replace(): The /e modifier is no longer supported, use preg_replace_callback instead Dispatcher.class.php 第 111 行.
[ 2017-06-22T16:33:32+08:00 ] /mb_oa/index.php/register/login | DEBUG: Tag[ app_begin ] --START--
[ 2017-06-22T16:33:32+08:00 ] /mb_oa/index.php/register/login | DEBUG: Run CheckTemplate Behavior [ RunTime:0.000119s ]
[ 2017-06-22T16:33:32+08:00 ] /mb_oa/index.php/register/login | DEBUG: Tag[ app_begin ] --END-- [ RunTime:0.000131s ]
[ 2017-06-22T16:33:35+08:00 ] /mb_oa/index.php/register/login | NOTIC: [8] A session had already been started - ignoring session_start() registerAction.class.php 第 107 行.
[ 2017-06-22T16:33:35+08:00 ] /mb_oa/index.php/register/login | NOTIC: [8] Undefined offset: 13683787606 registerAction.class.php 第 108 行.
[ 2017-06-22T16:33:35+08:00 ] /mb_oa/index.php/register/login | NOTIC: [8] Use of undefined constant identity - assumed 'identity' registerAction.class.php 第 114 行.
[ 2017-06-22T16:34:48+08:00 ] /mb_oa/index.php/register/sendMessage | DEBUG: Tag[ route_check ] --START--
[ 2017-06-22T16:34:48+08:00 ] /mb_oa/index.php/register/sendMessage | DEBUG: Run CheckRoute Behavior [ RunTime:0.000572s ]
[ 2017-06-22T16:34:48+08:00 ] /mb_oa/index.php/register/sendMessage | DEBUG: Tag[ route_check ] --END-- [ RunTime:0.000605s ]
[ 2017-06-22T16:34:48+08:00 ] /mb_oa/index.php/register/sendMessage | NOTIC: [2] preg_replace(): The /e modifier is no longer supported, use preg_replace_callback instead Dispatcher.class.php 第 111 行.
[ 2017-06-22T16:34:48+08:00 ] /mb_oa/index.php/register/sendMessage | DEBUG: Tag[ app_begin ] --START--
[ 2017-06-22T16:34:48+08:00 ] /mb_oa/index.php/register/sendMessage | DEBUG: Run CheckTemplate Behavior [ RunTime:0.000372s ]
[ 2017-06-22T16:34:48+08:00 ] /mb_oa/index.php/register/sendMessage | DEBUG: Tag[ app_begin ] --END-- [ RunTime:0.000393s ]
[ 2017-06-22T16:34:49+08:00 ] /mb_oa/index.php/register/sendMessage | NOTIC: [8] A session had already been started - ignoring session_start() registerAction.class.php 第 44 行.
[ 2017-06-22T16:35:42+08:00 ] /mb_oa/index.php/register/login | DEBUG: Tag[ route_check ] --START--
[ 2017-06-22T16:35:42+08:00 ] /mb_oa/index.php/register/login | DEBUG: Run CheckRoute Behavior [ RunTime:0.000638s ]
[ 2017-06-22T16:35:42+08:00 ] /mb_oa/index.php/register/login | DEBUG: Tag[ route_check ] --END-- [ RunTime:0.000685s ]
[ 2017-06-22T16:35:42+08:00 ] /mb_oa/index.php/register/login | NOTIC: [2] preg_replace(): The /e modifier is no longer supported, use preg_replace_callback instead Dispatcher.class.php 第 111 行.
[ 2017-06-22T16:35:42+08:00 ] /mb_oa/index.php/register/login | DEBUG: Tag[ app_begin ] --START--
[ 2017-06-22T16:35:42+08:00 ] /mb_oa/index.php/register/login | DEBUG: Run CheckTemplate Behavior [ RunTime:0.000379s ]
[ 2017-06-22T16:35:42+08:00 ] /mb_oa/index.php/register/login | DEBUG: Tag[ app_begin ] --END-- [ RunTime:0.000400s ]
[ 2017-06-22T16:35:45+08:00 ] /mb_oa/index.php/register/login | NOTIC: [8] A session had already been started - ignoring session_start() registerAction.class.php 第 106 行.
[ 2017-06-22T16:35:45+08:00 ] /mb_oa/index.php/register/login | NOTIC: [8] Undefined offset: 13683787606 registerAction.class.php 第 107 行.
[ 2017-06-22T16:35:45+08:00 ] /mb_oa/index.php/register/login | NOTIC: [8] Use of undefined constant identity - assumed 'identity' registerAction.class.php 第 113 行.
[ 2017-06-22T16:36:34+08:00 ] /mb_oa/index.php/register/login | DEBUG: Tag[ route_check ] --START--
[ 2017-06-22T16:36:34+08:00 ] /mb_oa/index.php/register/login | DEBUG: Run CheckRoute Behavior [ RunTime:0.000568s ]
[ 2017-06-22T16:36:34+08:00 ] /mb_oa/index.php/register/login | DEBUG: Tag[ route_check ] --END-- [ RunTime:0.000620s ]
[ 2017-06-22T16:36:34+08:00 ] /mb_oa/index.php/register/login | NOTIC: [2] preg_replace(): The /e modifier is no longer supported, use preg_replace_callback instead Dispatcher.class.php 第 111 行.
[ 2017-06-22T16:36:34+08:00 ] /mb_oa/index.php/register/login | DEBUG: Tag[ app_begin ] --START--
[ 2017-06-22T16:36:34+08:00 ] /mb_oa/index.php/register/login | DEBUG: Run CheckTemplate Behavior [ RunTime:0.000375s ]
[ 2017-06-22T16:36:34+08:00 ] /mb_oa/index.php/register/login | DEBUG: Tag[ app_begin ] --END-- [ RunTime:0.000398s ]
[ 2017-06-22T16:36:35+08:00 ] /mb_oa/index.php/register/login | NOTIC: [8] A session had already been started - ignoring session_start() registerAction.class.php 第 106 行.
[ 2017-06-22T16:36:35+08:00 ] /mb_oa/index.php/register/login | NOTIC: [8] Undefined offset: 13683787606 registerAction.class.php 第 107 行.
[ 2017-06-22T16:36:35+08:00 ] /mb_oa/index.php/register/login | NOTIC: [8] Use of undefined constant identity - assumed 'identity' registerAction.class.php 第 113 行.
[ 2017-06-22T16:40:25+08:00 ] /mb_oa/index.php/register/login | DEBUG: Tag[ route_check ] --START--
[ 2017-06-22T16:40:25+08:00 ] /mb_oa/index.php/register/login | DEBUG: Run CheckRoute Behavior [ RunTime:0.000507s ]
[ 2017-06-22T16:40:25+08:00 ] /mb_oa/index.php/register/login | DEBUG: Tag[ route_check ] --END-- [ RunTime:0.000543s ]
[ 2017-06-22T16:40:25+08:00 ] /mb_oa/index.php/register/login | NOTIC: [2] preg_replace(): The /e modifier is no longer supported, use preg_replace_callback instead Dispatcher.class.php 第 111 行.
[ 2017-06-22T16:40:25+08:00 ] /mb_oa/index.php/register/login | DEBUG: Tag[ app_begin ] --START--
[ 2017-06-22T16:40:25+08:00 ] /mb_oa/index.php/register/login | DEBUG: Run CheckTemplate Behavior [ RunTime:0.000329s ]
[ 2017-06-22T16:40:25+08:00 ] /mb_oa/index.php/register/login | DEBUG: Tag[ app_begin ] --END-- [ RunTime:0.000345s ]
[ 2017-06-22T16:40:25+08:00 ] /mb_oa/index.php/register/login | NOTIC: [8] Undefined variable: _SESSION registerAction.class.php 第 103 行.
[ 2017-06-22T16:40:25+08:00 ] /mb_oa/index.php/register/login | NOTIC: [8] Undefined offset: 13683787606 registerAction.class.php 第 107 行.
[ 2017-06-22T16:40:25+08:00 ] /mb_oa/index.php/register/login | NOTIC: [8] Use of undefined constant identity - assumed 'identity' registerAction.class.php 第 113 行.
[ 2017-06-22T16:40:31+08:00 ] /mb_oa/index.php/register/sendMessage | DEBUG: Tag[ route_check ] --START--
[ 2017-06-22T16:40:31+08:00 ] /mb_oa/index.php/register/sendMessage | DEBUG: Run CheckRoute Behavior [ RunTime:0.000334s ]
[ 2017-06-22T16:40:31+08:00 ] /mb_oa/index.php/register/sendMessage | DEBUG: Tag[ route_check ] --END-- [ RunTime:0.000366s ]
[ 2017-06-22T16:40:31+08:00 ] /mb_oa/index.php/register/sendMessage | NOTIC: [2] preg_replace(): The /e modifier is no longer supported, use preg_replace_callback instead Dispatcher.class.php 第 111 行.
[ 2017-06-22T16:40:31+08:00 ] /mb_oa/index.php/register/sendMessage | DEBUG: Tag[ app_begin ] --START--
[ 2017-06-22T16:40:31+08:00 ] /mb_oa/index.php/register/sendMessage | DEBUG: Run CheckTemplate Behavior [ RunTime:0.000139s ]
[ 2017-06-22T16:40:31+08:00 ] /mb_oa/index.php/register/sendMessage | DEBUG: Tag[ app_begin ] --END-- [ RunTime:0.000153s ]
[ 2017-06-22T16:40:49+08:00 ] /mb_oa/index.php/register/login | DEBUG: Tag[ route_check ] --START--
[ 2017-06-22T16:40:49+08:00 ] /mb_oa/index.php/register/login | DEBUG: Run CheckRoute Behavior [ RunTime:0.000319s ]
[ 2017-06-22T16:40:49+08:00 ] /mb_oa/index.php/register/login | DEBUG: Tag[ route_check ] --END-- [ RunTime:0.000348s ]
[ 2017-06-22T16:40:49+08:00 ] /mb_oa/index.php/register/login | NOTIC: [2] preg_replace(): The /e modifier is no longer supported, use preg_replace_callback instead Dispatcher.class.php 第 111 行.
[ 2017-06-22T16:40:49+08:00 ] /mb_oa/index.php/register/login | DEBUG: Tag[ app_begin ] --START--
[ 2017-06-22T16:40:49+08:00 ] /mb_oa/index.php/register/login | DEBUG: Run CheckTemplate Behavior [ RunTime:0.000163s ]
[ 2017-06-22T16:40:49+08:00 ] /mb_oa/index.php/register/login | DEBUG: Tag[ app_begin ] --END-- [ RunTime:0.000175s ]
[ 2017-06-22T16:40:49+08:00 ] /mb_oa/index.php/register/login | NOTIC: [8] Undefined variable: _SESSION registerAction.class.php 第 103 行.
[ 2017-06-22T16:40:49+08:00 ] /mb_oa/index.php/register/login | NOTIC: [8] Undefined offset: 13683787606 registerAction.class.php 第 107 行.
[ 2017-06-22T16:40:49+08:00 ] /mb_oa/index.php/register/login | NOTIC: [8] Use of undefined constant identity - assumed 'identity' registerAction.class.php 第 113 行.
[ 2017-06-22T16:42:58+08:00 ] /mb_oa/index.php/register/sendMessage | DEBUG: Tag[ route_check ] --START--
[ 2017-06-22T16:42:58+08:00 ] /mb_oa/index.php/register/sendMessage | DEBUG: Run CheckRoute Behavior [ RunTime:0.000273s ]
[ 2017-06-22T16:42:58+08:00 ] /mb_oa/index.php/register/sendMessage | DEBUG: Tag[ route_check ] --END-- [ RunTime:0.000301s ]
[ 2017-06-22T16:42:58+08:00 ] /mb_oa/index.php/register/sendMessage | NOTIC: [2] preg_replace(): The /e modifier is no longer supported, use preg_replace_callback instead Dispatcher.class.php 第 111 行.
[ 2017-06-22T16:42:58+08:00 ] /mb_oa/index.php/register/sendMessage | DEBUG: Tag[ app_begin ] --START--
[ 2017-06-22T16:42:58+08:00 ] /mb_oa/index.php/register/sendMessage | DEBUG: Run CheckTemplate Behavior [ RunTime:0.000128s ]
[ 2017-06-22T16:42:58+08:00 ] /mb_oa/index.php/register/sendMessage | DEBUG: Tag[ app_begin ] --END-- [ RunTime:0.000142s ]
[ 2017-06-22T16:42:59+08:00 ] /mb_oa/index.php/register/sendMessage | NOTIC: [8] A session had already been started - ignoring session_start() registerAction.class.php 第 44 行.
[ 2017-06-22T16:43:19+08:00 ] /mb_oa/index.php/register/login | DEBUG: Tag[ route_check ] --START--
[ 2017-06-22T16:43:19+08:00 ] /mb_oa/index.php/register/login | DEBUG: Run CheckRoute Behavior [ RunTime:0.000417s ]
[ 2017-06-22T16:43:19+08:00 ] /mb_oa/index.php/register/login | DEBUG: Tag[ route_check ] --END-- [ RunTime:0.000465s ]
[ 2017-06-22T16:43:19+08:00 ] /mb_oa/index.php/register/login | NOTIC: [2] preg_replace(): The /e modifier is no longer supported, use preg_replace_callback instead Dispatcher.class.php 第 111 行.
[ 2017-06-22T16:43:19+08:00 ] /mb_oa/index.php/register/login | DEBUG: Tag[ app_begin ] --START--
[ 2017-06-22T16:43:19+08:00 ] /mb_oa/index.php/register/login | DEBUG: Run CheckTemplate Behavior [ RunTime:0.000146s ]
[ 2017-06-22T16:43:19+08:00 ] /mb_oa/index.php/register/login | DEBUG: Tag[ app_begin ] --END-- [ RunTime:0.000163s ]
[ 2017-06-22T16:43:19+08:00 ] /mb_oa/index.php/register/login | NOTIC: [8] A session had already been started - ignoring session_start() registerAction.class.php 第 104 行.
[ 2017-06-22T16:43:19+08:00 ] /mb_oa/index.php/register/login | NOTIC: [8] Undefined offset: 15692162001 registerAction.class.php 第 109 行.
[ 2017-06-22T16:43:19+08:00 ] /mb_oa/index.php/register/login | NOTIC: [8] Use of undefined constant identity - assumed 'identity' registerAction.class.php 第 115 行.
